{"/home/lubos/code/onyx-ui/src/components/index.ts": {"path":"/home/lubos/code/onyx-ui/src/components/index.ts","statementMap":{"0":{"start":{"line":1,"column":0},"end":{"line":1,"column":23}}},"fnMap":{},"branchMap":{},"s":{"0":6},"f":{},"b":{}}
,"/home/lubos/code/onyx-ui/src/components/core/index.ts": {"path":"/home/lubos/code/onyx-ui/src/components/core/index.ts","statementMap":{"0":{"start":{"line":1,"column":0},"end":{"line":1,"column":24}},"1":{"start":{"line":2,"column":0},"end":{"line":2,"column":25}},"2":{"start":{"line":3,"column":0},"end":{"line":3,"column":25}},"3":{"start":{"line":4,"column":0},"end":{"line":4,"column":24}},"4":{"start":{"line":5,"column":0},"end":{"line":5,"column":27}},"5":{"start":{"line":6,"column":0},"end":{"line":6,"column":25}},"6":{"start":{"line":7,"column":0},"end":{"line":7,"column":25}},"7":{"start":{"line":8,"column":0},"end":{"line":8,"column":27}},"8":{"start":{"line":9,"column":0},"end":{"line":9,"column":27}},"9":{"start":{"line":10,"column":0},"end":{"line":10,"column":25}},"10":{"start":{"line":11,"column":0},"end":{"line":11,"column":38}},"11":{"start":{"line":12,"column":0},"end":{"line":12,"column":28}}},"fnMap":{},"branchMap":{},"s":{"0":6,"1":6,"2":6,"3":6,"4":6,"5":6,"6":6,"7":6,"8":6,"9":6,"10":6,"11":6},"f":{},"b":{}}
,"/home/lubos/code/onyx-ui/src/components/core/badge/badge.tsx": {"path":"/home/lubos/code/onyx-ui/src/components/core/badge/badge.tsx","statementMap":{"0":{"start":{"line":1,"column":0},"end":{"line":1,"column":42}},"1":{"start":{"line":2,"column":0},"end":{"line":2,"column":54}},"2":{"start":{"line":4,"column":14},"end":{"line":15,"column":2}},"3":{"start":{"line":5,"column":56},"end":{"line":7,"column":null}},"4":{"start":{"line":10,"column":2},"end":{"line":14,"column":4}},"5":{"start":{"line":17,"column":0},"end":{"line":17,"column":35}},"6":{"start":{"line":19,"column":0},"end":{"line":19,"column":21}}},"fnMap":{"0":{"name":"(anonymous_7)","decl":{"start":{"line":4,"column":56},"end":{"line":4,"column":57}},"loc":{"start":{"line":4,"column":71},"end":{"line":15,"column":1}}}},"branchMap":{},"s":{"0":6,"1":6,"2":6,"3":0,"4":0,"5":6,"6":6},"f":{"0":0},"b":{}}
,"/home/lubos/code/onyx-ui/src/components/core/badge/index.ts": {"path":"/home/lubos/code/onyx-ui/src/components/core/badge/index.ts","statementMap":{"0":{"start":{"line":2,"column":0},"end":{"line":2,"column":9}},"1":{"start":{"line":2,"column":9},"end":{"line":2,"column":28}},"2":{"start":{"line":3,"column":0},"end":{"line":3,"column":9}},"3":{"start":{"line":3,"column":9},"end":{"line":3,"column":25}}},"fnMap":{"0":{"name":"(anonymous_1)","decl":{"start":{"line":2,"column":9},"end":{"line":2,"column":16}},"loc":{"start":{"line":2,"column":9},"end":{"line":2,"column":28}}},"1":{"name":"(anonymous_2)","decl":{"start":{"line":3,"column":9},"end":{"line":3,"column":16}},"loc":{"start":{"line":3,"column":9},"end":{"line":3,"column":25}}}},"branchMap":{},"s":{"0":6,"1":6,"2":6,"3":6},"f":{"0":0,"1":0},"b":{}}
,"/home/lubos/code/onyx-ui/src/components/core/badge/use-badge.ts": {"path":"/home/lubos/code/onyx-ui/src/components/core/badge/use-badge.ts","statementMap":{"0":{"start":{"line":1,"column":0},"end":{"line":1,"column":45}},"1":{"start":{"line":2,"column":0},"end":{"line":2,"column":63}},"2":{"start":{"line":12,"column":17},"end":{"line":50,"column":1}},"3":{"start":{"line":20,"column":6},"end":{"line":20,"column":11}},"4":{"start":{"line":19,"column":17},"end":{"line":20,"column":6}},"5":{"start":{"line":22,"column":20},"end":{"line":22,"column":31}},"6":{"start":{"line":24,"column":16},"end":{"line":36,"column":null}},"7":{"start":{"line":26,"column":6},"end":{"line":34,"column":null}},"8":{"start":{"line":39,"column":24},"end":{"line":46,"column":null}},"9":{"start":{"line":41,"column":6},"end":{"line":43,"column":null}},"10":{"start":{"line":49,"column":2},"end":{"line":49,"column":55}},"11":{"start":{"line":52,"column":0},"end":{"line":52,"column":24}}},"fnMap":{"0":{"name":"(anonymous_1)","decl":{"start":{"line":12,"column":17},"end":{"line":12,"column":18}},"loc":{"start":{"line":12,"column":42},"end":{"line":50,"column":1}}},"1":{"name":"(anonymous_2)","decl":{"start":{"line":25,"column":4},"end":{"line":25,"column":7}},"loc":{"start":{"line":26,"column":6},"end":{"line":34,"column":null}}},"2":{"name":"(anonymous_3)","decl":{"start":{"line":40,"column":4},"end":{"line":40,"column":5}},"loc":{"start":{"line":40,"column":19},"end":{"line":45,"column":5}}}},"branchMap":{"0":{"loc":{"start":{"line":17,"column":4},"end":{"line":17,"column":23}},"type":"default-arg","locations":[{"start":{"line":17,"column":14},"end":{"line":17,"column":23}}]},"1":{"loc":{"start":{"line":18,"column":4},"end":{"line":18,"column":20}},"type":"default-arg","locations":[{"start":{"line":18,"column":14},"end":{"line":18,"column":20}}]},"2":{"loc":{"start":{"line":22,"column":20},"end":{"line":22,"column":31}},"type":"binary-expr","locations":[{"start":{"line":22,"column":20},"end":{"line":22,"column":22}},{"start":{"line":22,"column":26},"end":{"line":22,"column":31}}]},"3":{"loc":{"start":{"line":40,"column":5},"end":{"line":40,"column":15}},"type":"default-arg","locations":[{"start":{"line":40,"column":13},"end":{"line":40,"column":15}}]}},"s":{"0":6,"1":6,"2":6,"3":0,"4":0,"5":0,"6":0,"7":0,"8":0,"9":0,"10":0,"11":6},"f":{"0":0,"1":0,"2":0},"b":{"0":[0],"1":[0],"2":[0,0],"3":[0]}}
,"/home/lubos/code/onyx-ui/src/components/core/button/button-group.tsx": {"path":"/home/lubos/code/onyx-ui/src/components/core/button/button-group.tsx","statementMap":{"0":{"start":{"line":1,"column":0},"end":{"line":1,"column":26}},"1":{"start":{"line":2,"column":0},"end":{"line":2,"column":73}},"2":{"start":{"line":4,"column":51},"end":{"line":7,"column":1}},"3":{"start":{"line":5,"column":55},"end":{"line":5,"column":76}},"4":{"start":{"line":6,"column":2},"end":{"line":6,"column":70}},"5":{"start":{"line":9,"column":0},"end":{"line":9,"column":27}},"6":{"start":{"line":11,"column":0},"end":{"line":11,"column":47}}},"fnMap":{"0":{"name":"(anonymous_1)","decl":{"start":{"line":4,"column":51},"end":{"line":4,"column":52}},"loc":{"start":{"line":4,"column":61},"end":{"line":7,"column":1}}}},"branchMap":{},"s":{"0":6,"1":6,"2":6,"3":2,"4":2,"5":6,"6":6},"f":{"0":2},"b":{}}
,"/home/lubos/code/onyx-ui/src/components/core/button/button.tsx": {"path":"/home/lubos/code/onyx-ui/src/components/core/button/button.tsx","statementMap":{"0":{"start":{"line":1,"column":0},"end":{"line":1,"column":42}},"1":{"start":{"line":2,"column":0},"end":{"line":2,"column":57}},"2":{"start":{"line":4,"column":15},"end":{"line":22,"column":2}},"3":{"start":{"line":13,"column":6},"end":{"line":13,"column":34}},"4":{"start":{"line":15,"column":2},"end":{"line":21,"column":4}},"5":{"start":{"line":24,"column":0},"end":{"line":24,"column":22}},"6":{"start":{"line":26,"column":0},"end":{"line":26,"column":37}}},"fnMap":{"0":{"name":"(anonymous_7)","decl":{"start":{"line":4,"column":61},"end":{"line":4,"column":62}},"loc":{"start":{"line":4,"column":76},"end":{"line":22,"column":1}}}},"branchMap":{"0":{"loc":{"start":{"line":17,"column":7},"end":{"line":17,"column":78}},"type":"cond-expr","locations":[{"start":{"line":17,"column":19},"end":{"line":17,"column":67}},{"start":{"line":17,"column":70},"end":{"line":17,"column":78}}]}},"s":{"0":6,"1":6,"2":6,"3":21,"4":21,"5":6,"6":6},"f":{"0":21},"b":{"0":[1,20]}}
,"/home/lubos/code/onyx-ui/src/components/core/button/index.ts": {"path":"/home/lubos/code/onyx-ui/src/components/core/button/index.ts","statementMap":{"0":{"start":{"line":1,"column":0},"end":{"line":1,"column":9}},"1":{"start":{"line":1,"column":9},"end":{"line":1,"column":26}},"2":{"start":{"line":2,"column":0},"end":{"line":2,"column":9}},"3":{"start":{"line":2,"column":9},"end":{"line":2,"column":29}},"4":{"start":{"line":3,"column":0},"end":{"line":3,"column":9}},"5":{"start":{"line":3,"column":9},"end":{"line":3,"column":31}},"6":{"start":{"line":4,"column":0},"end":{"line":4,"column":null}},"7":{"start":{"line":5,"column":2},"end":{"line":5,"column":27}}},"fnMap":{"0":{"name":"(anonymous_1)","decl":{"start":{"line":1,"column":9},"end":{"line":1,"column":16}},"loc":{"start":{"line":1,"column":9},"end":{"line":1,"column":26}}},"1":{"name":"(anonymous_2)","decl":{"start":{"line":2,"column":9},"end":{"line":2,"column":16}},"loc":{"start":{"line":2,"column":9},"end":{"line":2,"column":29}}},"2":{"name":"(anonymous_3)","decl":{"start":{"line":3,"column":9},"end":{"line":3,"column":16}},"loc":{"start":{"line":3,"column":9},"end":{"line":3,"column":31}}},"3":{"name":"(anonymous_4)","decl":{"start":{"line":5,"column":2},"end":{"line":5,"column":9}},"loc":{"start":{"line":5,"column":2},"end":{"line":5,"column":27}}}},"branchMap":{},"s":{"0":6,"1":26,"2":6,"3":6,"4":6,"5":8,"6":6,"7":6},"f":{"0":20,"1":0,"2":2,"3":0},"b":{}}
,"/home/lubos/code/onyx-ui/src/components/core/button/use-button-group.ts": {"path":"/home/lubos/code/onyx-ui/src/components/core/button/use-button-group.ts","statementMap":{"0":{"start":{"line":1,"column":0},"end":{"line":1,"column":52}},"1":{"start":{"line":3,"column":0},"end":{"line":3,"column":39}},"2":{"start":{"line":4,"column":0},"end":{"line":4,"column":30}},"3":{"start":{"line":13,"column":68},"end":{"line":13,"column":73}},"4":{"start":{"line":13,"column":63},"end":{"line":13,"column":68}},"5":{"start":{"line":15,"column":20},"end":{"line":15,"column":31}},"6":{"start":{"line":17,"column":2},"end":{"line":20,"column":5}},"7":{"start":{"line":18,"column":4},"end":{"line":19,"column":5}},"8":{"start":{"line":22,"column":19},"end":{"line":33,"column":8}},"9":{"start":{"line":23,"column":38},"end":{"line":23,"column":40}},"10":{"start":{"line":24,"column":4},"end":{"line":30,"column":7}},"11":{"start":{"line":25,"column":6},"end":{"line":29,"column":7}},"12":{"start":{"line":26,"column":8},"end":{"line":28,"column":10}},"13":{"start":{"line":32,"column":4},"end":{"line":32,"column":18}},"14":{"start":{"line":35,"column":17},"end":{"line":37,"column":8}},"15":{"start":{"line":36,"column":4},"end":{"line":36,"column":46}},"16":{"start":{"line":39,"column":30},"end":{"line":46,"column":8}},"17":{"start":{"line":40,"column":4},"end":{"line":44,"column":null}},"18":{"start":{"line":48,"column":2},"end":{"line":48,"column":54}},"19":{"start":{"line":51,"column":0},"end":{"line":51,"column":30}}},"fnMap":{"0":{"name":"useButtonGroup","decl":{"start":{"line":12,"column":9},"end":{"line":12,"column":23}},"loc":{"start":{"line":12,"column":50},"end":{"line":49,"column":1}}},"1":{"name":"(anonymous_9)","decl":{"start":{"line":17,"column":40},"end":{"line":17,"column":41}},"loc":{"start":{"line":17,"column":50},"end":{"line":20,"column":3}}},"2":{"name":"(anonymous_10)","decl":{"start":{"line":22,"column":27},"end":{"line":22,"column":30}},"loc":{"start":{"line":22,"column":32},"end":{"line":33,"column":3}}},"3":{"name":"(anonymous_11)","decl":{"start":{"line":24,"column":42},"end":{"line":24,"column":43}},"loc":{"start":{"line":24,"column":59},"end":{"line":30,"column":5}}},"4":{"name":"(anonymous_12)","decl":{"start":{"line":35,"column":25},"end":{"line":35,"column":28}},"loc":{"start":{"line":35,"column":30},"end":{"line":37,"column":3}}},"5":{"name":"(anonymous_13)","decl":{"start":{"line":39,"column":42},"end":{"line":39,"column":43}},"loc":{"start":{"line":39,"column":57},"end":{"line":46,"column":3}}}},"branchMap":{"0":{"loc":{"start":{"line":15,"column":20},"end":{"line":15,"column":31}},"type":"binary-expr","locations":[{"start":{"line":15,"column":20},"end":{"line":15,"column":22}},{"start":{"line":15,"column":26},"end":{"line":15,"column":31}}]},"1":{"loc":{"start":{"line":18,"column":4},"end":{"line":19,"column":5}},"type":"if","locations":[{"start":{"line":18,"column":4},"end":{"line":19,"column":5}}]},"2":{"loc":{"start":{"line":18,"column":8},"end":{"line":18,"column":60}},"type":"binary-expr","locations":[{"start":{"line":18,"column":8},"end":{"line":18,"column":35}},{"start":{"line":18,"column":39},"end":{"line":18,"column":60}}]},"3":{"loc":{"start":{"line":25,"column":6},"end":{"line":29,"column":7}},"type":"if","locations":[{"start":{"line":25,"column":6},"end":{"line":29,"column":7}}]},"4":{"loc":{"start":{"line":25,"column":10},"end":{"line":25,"column":62}},"type":"binary-expr","locations":[{"start":{"line":25,"column":10},"end":{"line":25,"column":37}},{"start":{"line":25,"column":41},"end":{"line":25,"column":62}}]},"5":{"loc":{"start":{"line":39,"column":43},"end":{"line":39,"column":53}},"type":"default-arg","locations":[{"start":{"line":39,"column":51},"end":{"line":39,"column":53}}]}},"s":{"0":6,"1":6,"2":6,"3":2,"4":2,"5":2,"6":2,"7":4,"8":2,"9":2,"10":2,"11":4,"12":4,"13":2,"14":2,"15":2,"16":2,"17":2,"18":2,"19":6},"f":{"0":2,"1":4,"2":2,"3":4,"4":2,"5":2},"b":{"0":[2,2],"1":[4],"2":[4,4],"3":[4],"4":[4,4],"5":[2]}}
,"/home/lubos/code/onyx-ui/src/components/core/button/use-button.ts": {"path":"/home/lubos/code/onyx-ui/src/components/core/button/use-button.ts","statementMap":{"0":{"start":{"line":1,"column":0},"end":{"line":1,"column":63}},"1":{"start":{"line":2,"column":0},"end":{"line":2,"column":null}},"2":{"start":{"line":47,"column":6},"end":{"line":47,"column":11}},"3":{"start":{"line":46,"column":18},"end":{"line":47,"column":6}},"4":{"start":{"line":49,"column":20},"end":{"line":49,"column":34}},"5":{"start":{"line":51,"column":21},"end":{"line":51,"column":48}},"6":{"start":{"line":52,"column":18},"end":{"line":52,"column":54}},"7":{"start":{"line":54,"column":16},"end":{"line":101,"column":21}},"8":{"start":{"line":55,"column":4},"end":{"line":100,"column":6}},"9":{"start":{"line":103,"column":23},"end":{"line":112,"column":12}},"10":{"start":{"line":104,"column":4},"end":{"line":112,"column":12}},"11":{"start":{"line":114,"column":19},"end":{"line":114,"column":45}},"12":{"start":{"line":115,"column":20},"end":{"line":115,"column":47}},"13":{"start":{"line":117,"column":25},"end":{"line":126,"column":null}},"14":{"start":{"line":118,"column":20},"end":{"line":124,"column":null}},"15":{"start":{"line":129,"column":2},"end":{"line":137,"column":4}},"16":{"start":{"line":140,"column":0},"end":{"line":140,"column":25}}},"fnMap":{"0":{"name":"useButton","decl":{"start":{"line":29,"column":9},"end":{"line":29,"column":18}},"loc":{"start":{"line":29,"column":40},"end":{"line":138,"column":1}}},"1":{"name":"(anonymous_2)","decl":{"start":{"line":54,"column":24},"end":{"line":54,"column":27}},"loc":{"start":{"line":54,"column":29},"end":{"line":101,"column":3}}},"2":{"name":"(anonymous_3)","decl":{"start":{"line":103,"column":23},"end":{"line":103,"column":24}},"loc":{"start":{"line":104,"column":4},"end":{"line":112,"column":12}}},"3":{"name":"(anonymous_4)","decl":{"start":{"line":118,"column":4},"end":{"line":118,"column":5}},"loc":{"start":{"line":118,"column":20},"end":{"line":124,"column":null}}}},"branchMap":{"0":{"loc":{"start":{"line":33,"column":4},"end":{"line":33,"column":21}},"type":"default-arg","locations":[{"start":{"line":33,"column":12},"end":{"line":33,"column":21}}]},"1":{"loc":{"start":{"line":34,"column":4},"end":{"line":34,"column":23}},"type":"default-arg","locations":[{"start":{"line":34,"column":14},"end":{"line":34,"column":23}}]},"2":{"loc":{"start":{"line":35,"column":4},"end":{"line":35,"column":15}},"type":"default-arg","locations":[{"start":{"line":35,"column":11},"end":{"line":35,"column":15}}]},"3":{"loc":{"start":{"line":38,"column":4},"end":{"line":38,"column":21}},"type":"default-arg","locations":[{"start":{"line":38,"column":16},"end":{"line":38,"column":21}}]},"4":{"loc":{"start":{"line":39,"column":16},"end":{"line":39,"column":38}},"type":"default-arg","locations":[{"start":{"line":39,"column":33},"end":{"line":39,"column":38}}]},"5":{"loc":{"start":{"line":40,"column":4},"end":{"line":40,"column":22}},"type":"default-arg","locations":[{"start":{"line":40,"column":17},"end":{"line":40,"column":22}}]},"6":{"loc":{"start":{"line":41,"column":4},"end":{"line":41,"column":21}},"type":"default-arg","locations":[{"start":{"line":41,"column":16},"end":{"line":41,"column":21}}]},"7":{"loc":{"start":{"line":42,"column":4},"end":{"line":42,"column":21}},"type":"default-arg","locations":[{"start":{"line":42,"column":16},"end":{"line":42,"column":21}}]},"8":{"loc":{"start":{"line":49,"column":20},"end":{"line":49,"column":34}},"type":"binary-expr","locations":[{"start":{"line":49,"column":20},"end":{"line":49,"column":22}},{"start":{"line":49,"column":26},"end":{"line":49,"column":34}}]},"9":{"loc":{"start":{"line":51,"column":21},"end":{"line":51,"column":48}},"type":"binary-expr","locations":[{"start":{"line":51,"column":21},"end":{"line":51,"column":35}},{"start":{"line":51,"column":39},"end":{"line":51,"column":48}}]},"10":{"loc":{"start":{"line":52,"column":18},"end":{"line":52,"column":54}},"type":"cond-expr","locations":[{"start":{"line":52,"column":31},"end":{"line":52,"column":40}},{"start":{"line":52,"column":43},"end":{"line":52,"column":54}}]},"11":{"loc":{"start":{"line":63,"column":17},"end":{"line":63,"column":44}},"type":"binary-expr","locations":[{"start":{"line":63,"column":17},"end":{"line":63,"column":30}},{"start":{"line":63,"column":34},"end":{"line":63,"column":44}}]},"12":{"loc":{"start":{"line":64,"column":17},"end":{"line":64,"column":44}},"type":"binary-expr","locations":[{"start":{"line":64,"column":17},"end":{"line":64,"column":30}},{"start":{"line":64,"column":34},"end":{"line":64,"column":44}}]},"13":{"loc":{"start":{"line":65,"column":17},"end":{"line":65,"column":44}},"type":"binary-expr","locations":[{"start":{"line":65,"column":17},"end":{"line":65,"column":30}},{"start":{"line":65,"column":34},"end":{"line":65,"column":44}}]},"14":{"loc":{"start":{"line":75,"column":10},"end":{"line":75,"column":51}},"type":"binary-expr","locations":[{"start":{"line":75,"column":10},"end":{"line":75,"column":28}},{"start":{"line":75,"column":32},"end":{"line":75,"column":51}}]},"15":{"loc":{"start":{"line":77,"column":10},"end":{"line":77,"column":50}},"type":"binary-expr","locations":[{"start":{"line":77,"column":10},"end":{"line":77,"column":28}},{"start":{"line":77,"column":32},"end":{"line":77,"column":50}}]},"16":{"loc":{"start":{"line":87,"column":10},"end":{"line":87,"column":51}},"type":"binary-expr","locations":[{"start":{"line":87,"column":10},"end":{"line":87,"column":29}},{"start":{"line":87,"column":33},"end":{"line":87,"column":51}}]},"17":{"loc":{"start":{"line":89,"column":10},"end":{"line":89,"column":50}},"type":"binary-expr","locations":[{"start":{"line":89,"column":10},"end":{"line":89,"column":28}},{"start":{"line":89,"column":32},"end":{"line":89,"column":50}}]},"18":{"loc":{"start":{"line":92,"column":10},"end":{"line":92,"column":54}},"type":"binary-expr","locations":[{"start":{"line":92,"column":10},"end":{"line":92,"column":29}},{"start":{"line":92,"column":33},"end":{"line":92,"column":54}}]},"19":{"loc":{"start":{"line":94,"column":10},"end":{"line":94,"column":53}},"type":"binary-expr","locations":[{"start":{"line":94,"column":10},"end":{"line":94,"column":28}},{"start":{"line":94,"column":32},"end":{"line":94,"column":53}}]},"20":{"loc":{"start":{"line":104,"column":4},"end":{"line":112,"column":12}},"type":"cond-expr","locations":[{"start":{"line":105,"column":8},"end":{"line":111,"column":10}},{"start":{"line":112,"column":8},"end":{"line":112,"column":12}}]},"21":{"loc":{"start":{"line":118,"column":5},"end":{"line":118,"column":15}},"type":"default-arg","locations":[{"start":{"line":118,"column":13},"end":{"line":118,"column":15}}]}},"s":{"0":6,"1":6,"2":21,"3":21,"4":21,"5":21,"6":21,"7":21,"8":19,"9":21,"10":42,"11":21,"12":21,"13":21,"14":21,"15":21,"16":6},"f":{"0":21,"1":19,"2":42,"3":21},"b":{"0":[21],"1":[17],"2":[18],"3":[20],"4":[20],"5":[14],"6":[17],"7":[21],"8":[21,21],"9":[21,20],"10":[2,19],"11":[19,1],"12":[19,17],"13":[19,1],"14":[19,4],"15":[19,4],"16":[19,0],"17":[19,0],"18":[19,0],"19":[19,0],"20":[2,40],"21":[21]}}
,"/home/lubos/code/onyx-ui/src/components/core/checkbox/checkbox.tsx": {"path":"/home/lubos/code/onyx-ui/src/components/core/checkbox/checkbox.tsx","statementMap":{"0":{"start":{"line":1,"column":0},"end":{"line":1,"column":42}},"1":{"start":{"line":2,"column":0},"end":{"line":2,"column":63}},"2":{"start":{"line":3,"column":0},"end":{"line":3,"column":36}},"3":{"start":{"line":4,"column":0},"end":{"line":4,"column":50}},"4":{"start":{"line":6,"column":17},"end":{"line":59,"column":null}},"5":{"start":{"line":19,"column":8},"end":{"line":21,"column":null}},"6":{"start":{"line":24,"column":4},"end":{"line":58,"column":6}},"7":{"start":{"line":61,"column":0},"end":{"line":61,"column":24}},"8":{"start":{"line":63,"column":0},"end":{"line":63,"column":41}}},"fnMap":{"0":{"name":"(anonymous_7)","decl":{"start":{"line":7,"column":2},"end":{"line":7,"column":3}},"loc":{"start":{"line":7,"column":17},"end":{"line":59,"column":3}}}},"branchMap":{"0":{"loc":{"start":{"line":46,"column":13},"end":{"line":46,"column":71}},"type":"binary-expr","locations":[{"start":{"line":46,"column":13},"end":{"line":46,"column":22}},{"start":{"line":46,"column":26},"end":{"line":46,"column":71}}]},"1":{"loc":{"start":{"line":49,"column":11},"end":{"line":50,"column":null}},"type":"binary-expr","locations":[{"start":{"line":49,"column":11},"end":{"line":49,"column":23}},{"start":{"line":50,"column":12},"end":{"line":50,"column":67}}]},"2":{"loc":{"start":{"line":52,"column":11},"end":{"line":52,"column":71}},"type":"binary-expr","locations":[{"start":{"line":52,"column":11},"end":{"line":52,"column":22}},{"start":{"line":52,"column":26},"end":{"line":52,"column":71}}]},"3":{"loc":{"start":{"line":54,"column":9},"end":{"line":55,"column":null}},"type":"binary-expr","locations":[{"start":{"line":54,"column":9},"end":{"line":54,"column":34}},{"start":{"line":55,"column":10},"end":{"line":55,"column":68}}]}},"s":{"0":6,"1":6,"2":6,"3":6,"4":6,"5":19,"6":19,"7":6,"8":6},"f":{"0":19},"b":{"0":[19,7],"1":[19,1],"2":[19,1],"3":[19,1]}}
,"/home/lubos/code/onyx-ui/src/components/core/checkbox/index.ts": {"path":"/home/lubos/code/onyx-ui/src/components/core/checkbox/index.ts","statementMap":{"0":{"start":{"line":1,"column":0},"end":{"line":1,"column":9}},"1":{"start":{"line":1,"column":9},"end":{"line":1,"column":28}},"2":{"start":{"line":2,"column":0},"end":{"line":2,"column":9}},"3":{"start":{"line":2,"column":9},"end":{"line":2,"column":31}}},"fnMap":{"0":{"name":"(anonymous_1)","decl":{"start":{"line":1,"column":9},"end":{"line":1,"column":16}},"loc":{"start":{"line":1,"column":9},"end":{"line":1,"column":28}}},"1":{"name":"(anonymous_2)","decl":{"start":{"line":2,"column":9},"end":{"line":2,"column":16}},"loc":{"start":{"line":2,"column":9},"end":{"line":2,"column":31}}}},"branchMap":{},"s":{"0":6,"1":18,"2":6,"3":6},"f":{"0":12,"1":0},"b":{}}
,"/home/lubos/code/onyx-ui/src/components/core/checkbox/use-checkbox.ts": {"path":"/home/lubos/code/onyx-ui/src/components/core/checkbox/use-checkbox.ts","statementMap":{"0":{"start":{"line":1,"column":0},"end":{"line":1,"column":79}},"1":{"start":{"line":2,"column":0},"end":{"line":2,"column":70}},"2":{"start":{"line":30,"column":6},"end":{"line":30,"column":11}},"3":{"start":{"line":29,"column":17},"end":{"line":30,"column":6}},"4":{"start":{"line":32,"column":22},"end":{"line":32,"column":52}},"5":{"start":{"line":33,"column":25},"end":{"line":33,"column":56}},"6":{"start":{"line":34,"column":36},"end":{"line":34,"column":73}},"7":{"start":{"line":36,"column":22},"end":{"line":36,"column":68}},"8":{"start":{"line":38,"column":2},"end":{"line":46,"column":22}},"9":{"start":{"line":39,"column":21},"end":{"line":39,"column":40}},"10":{"start":{"line":40,"column":4},"end":{"line":45,"column":5}},"11":{"start":{"line":42,"column":6},"end":{"line":44,"column":7}},"12":{"start":{"line":43,"column":8},"end":{"line":43,"column":25}},"13":{"start":{"line":48,"column":13},"end":{"line":48,"column":30}},"14":{"start":{"line":50,"column":22},"end":{"line":55,"column":3}},"15":{"start":{"line":51,"column":21},"end":{"line":51,"column":43}},"16":{"start":{"line":52,"column":4},"end":{"line":54,"column":5}},"17":{"start":{"line":53,"column":6},"end":{"line":53,"column":23}},"18":{"start":{"line":57,"column":22},"end":{"line":62,"column":3}},"19":{"start":{"line":58,"column":21},"end":{"line":58,"column":40}},"20":{"start":{"line":59,"column":4},"end":{"line":61,"column":5}},"21":{"start":{"line":60,"column":6},"end":{"line":60,"column":23}},"22":{"start":{"line":64,"column":23},"end":{"line":67,"column":3}},"23":{"start":{"line":65,"column":4},"end":{"line":65,"column":18}},"24":{"start":{"line":66,"column":4},"end":{"line":66,"column":35}},"25":{"start":{"line":69,"column":14},"end":{"line":69,"column":52}},"26":{"start":{"line":71,"column":27},"end":{"line":86,"column":null}},"27":{"start":{"line":72,"column":20},"end":{"line":84,"column":null}},"28":{"start":{"line":89,"column":2},"end":{"line":101,"column":4}},"29":{"start":{"line":104,"column":0},"end":{"line":104,"column":27}}},"fnMap":{"0":{"name":"useCheckbox","decl":{"start":{"line":17,"column":9},"end":{"line":17,"column":20}},"loc":{"start":{"line":17,"column":44},"end":{"line":102,"column":1}}},"1":{"name":"(anonymous_2)","decl":{"start":{"line":38,"column":12},"end":{"line":38,"column":15}},"loc":{"start":{"line":38,"column":17},"end":{"line":46,"column":3}}},"2":{"name":"(anonymous_3)","decl":{"start":{"line":50,"column":22},"end":{"line":50,"column":25}},"loc":{"start":{"line":50,"column":27},"end":{"line":55,"column":3}}},"3":{"name":"(anonymous_4)","decl":{"start":{"line":57,"column":22},"end":{"line":57,"column":25}},"loc":{"start":{"line":57,"column":27},"end":{"line":62,"column":3}}},"4":{"name":"(anonymous_5)","decl":{"start":{"line":64,"column":23},"end":{"line":64,"column":24}},"loc":{"start":{"line":64,"column":66},"end":{"line":67,"column":3}}},"5":{"name":"(anonymous_6)","decl":{"start":{"line":72,"column":4},"end":{"line":72,"column":5}},"loc":{"start":{"line":72,"column":20},"end":{"line":84,"column":null}}}},"branchMap":{"0":{"loc":{"start":{"line":36,"column":22},"end":{"line":36,"column":68}},"type":"binary-expr","locations":[{"start":{"line":36,"column":22},"end":{"line":36,"column":34}},{"start":{"line":36,"column":38},"end":{"line":36,"column":45}},{"start":{"line":36,"column":49},"end":{"line":36,"column":68}}]},"1":{"loc":{"start":{"line":40,"column":4},"end":{"line":45,"column":5}},"type":"if","locations":[{"start":{"line":40,"column":4},"end":{"line":45,"column":5}}]},"2":{"loc":{"start":{"line":40,"column":8},"end":{"line":40,"column":47}},"type":"binary-expr","locations":[{"start":{"line":40,"column":8},"end":{"line":40,"column":35}},{"start":{"line":40,"column":39},"end":{"line":40,"column":47}}]},"3":{"loc":{"start":{"line":42,"column":6},"end":{"line":44,"column":7}},"type":"if","locations":[{"start":{"line":42,"column":6},"end":{"line":44,"column":7}}]},"4":{"loc":{"start":{"line":48,"column":13},"end":{"line":48,"column":30}},"type":"binary-expr","locations":[{"start":{"line":48,"column":13},"end":{"line":48,"column":19}},{"start":{"line":48,"column":23},"end":{"line":48,"column":30}}]},"5":{"loc":{"start":{"line":52,"column":4},"end":{"line":54,"column":5}},"type":"if","locations":[{"start":{"line":52,"column":4},"end":{"line":54,"column":5}}]},"6":{"loc":{"start":{"line":59,"column":4},"end":{"line":61,"column":5}},"type":"if","locations":[{"start":{"line":59,"column":4},"end":{"line":61,"column":5}}]},"7":{"loc":{"start":{"line":65,"column":4},"end":{"line":65,"column":17}},"type":"cond-expr","locations":[{"start":{"line":65,"column":12},"end":{"line":65,"column":15}},{"start":{"line":65,"column":4},"end":{"line":65,"column":17}}]},"8":{"loc":{"start":{"line":65,"column":4},"end":{"line":65,"column":15}},"type":"binary-expr","locations":[{"start":{"line":65,"column":4},"end":{"line":65,"column":15}},{"start":{"line":65,"column":4},"end":{"line":65,"column":15}}]},"9":{"loc":{"start":{"line":72,"column":5},"end":{"line":72,"column":15}},"type":"default-arg","locations":[{"start":{"line":72,"column":13},"end":{"line":72,"column":15}}]}},"s":{"0":6,"1":6,"2":19,"3":19,"4":19,"5":19,"6":19,"7":19,"8":19,"9":12,"10":12,"11":5,"12":4,"13":19,"14":19,"15":0,"16":0,"17":0,"18":19,"19":0,"20":0,"21":0,"22":19,"23":7,"24":7,"25":19,"26":19,"27":19,"28":19,"29":6},"f":{"0":19,"1":12,"2":0,"3":0,"4":7,"5":19},"b":{"0":[19,18,3],"1":[5],"2":[12,5],"3":[4],"4":[19,19],"5":[0],"6":[0],"7":[6,1],"8":[7,7],"9":[19]}}
,"/home/lubos/code/onyx-ui/src/components/core/dialog/dialog.tsx": {"path":"/home/lubos/code/onyx-ui/src/components/core/dialog/dialog.tsx","statementMap":{"0":{"start":{"line":1,"column":0},"end":{"line":1,"column":26}},"1":{"start":{"line":3,"column":0},"end":{"line":3,"column":57}},"2":{"start":{"line":4,"column":0},"end":{"line":4,"column":35}},"3":{"start":{"line":5,"column":0},"end":{"line":5,"column":50}},"4":{"start":{"line":6,"column":0},"end":{"line":6,"column":52}},"5":{"start":{"line":7,"column":0},"end":{"line":7,"column":57}},"6":{"start":{"line":8,"column":0},"end":{"line":8,"column":56}},"7":{"start":{"line":9,"column":0},"end":{"line":9,"column":36}},"8":{"start":{"line":15,"column":59},"end":{"line":27,"column":1}},"9":{"start":{"line":16,"column":24},"end":{"line":16,"column":42}},"10":{"start":{"line":17,"column":2},"end":{"line":26,"column":4}},"11":{"start":{"line":21,"column":10},"end":{"line":21,"column":26}},"12":{"start":{"line":22,"column":10},"end":{"line":22,"column":37}},"13":{"start":{"line":15,"column":13},"end":{"line":15,"column":59}},"14":{"start":{"line":32,"column":5},"end":{"line":34,"column":1}},"15":{"start":{"line":33,"column":2},"end":{"line":33,"column":65}},"16":{"start":{"line":29,"column":13},"end":{"line":29,"column":null}},"17":{"start":{"line":36,"column":67},"end":{"line":101,"column":1}},"18":{"start":{"line":40,"column":4},"end":{"line":40,"column":22}},"19":{"start":{"line":41,"column":2},"end":{"line":100,"column":4}},"20":{"start":{"line":36,"column":13},"end":{"line":36,"column":67}},"21":{"start":{"line":103,"column":41},"end":{"line":106,"column":1}},"22":{"start":{"line":104,"column":22},"end":{"line":104,"column":38}},"23":{"start":{"line":105,"column":2},"end":{"line":105,"column":52}},"24":{"start":{"line":108,"column":0},"end":{"line":108,"column":22}},"25":{"start":{"line":110,"column":0},"end":{"line":110,"column":37}}},"fnMap":{"0":{"name":"(anonymous_1)","decl":{"start":{"line":15,"column":59},"end":{"line":15,"column":60}},"loc":{"start":{"line":15,"column":76},"end":{"line":27,"column":1}}},"1":{"name":"(anonymous_2)","decl":{"start":{"line":20,"column":17},"end":{"line":20,"column":20}},"loc":{"start":{"line":20,"column":22},"end":{"line":23,"column":9}}},"2":{"name":"(anonymous_3)","decl":{"start":{"line":32,"column":5},"end":{"line":32,"column":6}},"loc":{"start":{"line":32,"column":33},"end":{"line":34,"column":1}}},"3":{"name":"(anonymous_4)","decl":{"start":{"line":36,"column":67},"end":{"line":36,"column":68}},"loc":{"start":{"line":38,"column":5},"end":{"line":101,"column":1}}},"4":{"name":"(anonymous_5)","decl":{"start":{"line":103,"column":41},"end":{"line":103,"column":42}},"loc":{"start":{"line":103,"column":51},"end":{"line":106,"column":1}}}},"branchMap":{"0":{"loc":{"start":{"line":22,"column":10},"end":{"line":22,"column":36}},"type":"cond-expr","locations":[{"start":{"line":22,"column":32},"end":{"line":22,"column":36}},{"start":{"line":22,"column":32},"end":{"line":22,"column":36}}]},"1":{"loc":{"start":{"line":22,"column":10},"end":{"line":22,"column":36}},"type":"binary-expr","locations":[{"start":{"line":22,"column":10},"end":{"line":22,"column":36}},{"start":{"line":22,"column":32},"end":{"line":22,"column":36}}]},"2":{"loc":{"start":{"line":43,"column":7},"end":{"line":97,"column":null}},"type":"binary-expr","locations":[{"start":{"line":43,"column":7},"end":{"line":43,"column":13}},{"start":{"line":44,"column":8},"end":{"line":96,"column":null}}]},"3":{"loc":{"start":{"line":76,"column":13},"end":{"line":82,"column":null}},"type":"binary-expr","locations":[{"start":{"line":76,"column":14},"end":{"line":76,"column":21}},{"start":{"line":76,"column":25},"end":{"line":76,"column":36}},{"start":{"line":77,"column":14},"end":{"line":81,"column":null}}]}},"s":{"0":6,"1":6,"2":6,"3":6,"4":6,"5":6,"6":6,"7":6,"8":6,"9":8,"10":4,"11":2,"12":2,"13":6,"14":6,"15":4,"16":6,"17":6,"18":11,"19":7,"20":6,"21":6,"22":9,"23":8,"24":6,"25":6},"f":{"0":8,"1":2,"2":4,"3":11,"4":9},"b":{"0":[1,1],"1":[2,2],"2":[7,4],"3":[4,4,0]}}
,"/home/lubos/code/onyx-ui/src/components/core/dialog/index.ts": {"path":"/home/lubos/code/onyx-ui/src/components/core/dialog/index.ts","statementMap":{"0":{"start":{"line":1,"column":0},"end":{"line":1,"column":null}},"1":{"start":{"line":2,"column":2},"end":{"line":2,"column":19}},"2":{"start":{"line":3,"column":2},"end":{"line":3,"column":null}},"3":{"start":{"line":4,"column":2},"end":{"line":4,"column":null}},"4":{"start":{"line":5,"column":2},"end":{"line":5,"column":null}},"5":{"start":{"line":7,"column":0},"end":{"line":7,"column":9}},"6":{"start":{"line":7,"column":9},"end":{"line":7,"column":29}}},"fnMap":{"0":{"name":"(anonymous_1)","decl":{"start":{"line":2,"column":2},"end":{"line":2,"column":9}},"loc":{"start":{"line":2,"column":2},"end":{"line":2,"column":19}}},"1":{"name":"(anonymous_2)","decl":{"start":{"line":3,"column":2},"end":{"line":3,"column":12}},"loc":{"start":{"line":3,"column":2},"end":{"line":3,"column":null}}},"2":{"name":"(anonymous_3)","decl":{"start":{"line":4,"column":2},"end":{"line":4,"column":15}},"loc":{"start":{"line":4,"column":2},"end":{"line":4,"column":null}}},"3":{"name":"(anonymous_4)","decl":{"start":{"line":5,"column":2},"end":{"line":5,"column":15}},"loc":{"start":{"line":5,"column":2},"end":{"line":5,"column":null}}},"4":{"name":"(anonymous_5)","decl":{"start":{"line":7,"column":9},"end":{"line":7,"column":16}},"loc":{"start":{"line":7,"column":9},"end":{"line":7,"column":29}}}},"branchMap":{},"s":{"0":6,"1":10,"2":11,"3":11,"4":9,"5":6,"6":6},"f":{"0":4,"1":5,"2":5,"3":3,"4":0},"b":{}}
,"/home/lubos/code/onyx-ui/src/components/core/dialog/use-dialog.ts": {"path":"/home/lubos/code/onyx-ui/src/components/core/dialog/use-dialog.ts","statementMap":{"0":{"start":{"line":1,"column":0},"end":{"line":1,"column":72}},"1":{"start":{"line":3,"column":0},"end":{"line":3,"column":49}},"2":{"start":{"line":24,"column":6},"end":{"line":24,"column":11}},"3":{"start":{"line":23,"column":17},"end":{"line":24,"column":6}},"4":{"start":{"line":26,"column":30},"end":{"line":26,"column":61}},"5":{"start":{"line":28,"column":18},"end":{"line":28,"column":25}},"6":{"start":{"line":29,"column":20},"end":{"line":29,"column":48}},"7":{"start":{"line":31,"column":18},"end":{"line":37,"column":3}},"8":{"start":{"line":32,"column":4},"end":{"line":36,"column":5}},"9":{"start":{"line":33,"column":6},"end":{"line":33,"column":20}},"10":{"start":{"line":35,"column":6},"end":{"line":35,"column":23}},"11":{"start":{"line":39,"column":2},"end":{"line":43,"column":5}},"12":{"start":{"line":40,"column":4},"end":{"line":42,"column":5}},"13":{"start":{"line":41,"column":6},"end":{"line":41,"column":16}},"14":{"start":{"line":45,"column":2},"end":{"line":49,"column":19}},"15":{"start":{"line":46,"column":4},"end":{"line":48,"column":5}},"16":{"start":{"line":47,"column":6},"end":{"line":47,"column":28}},"17":{"start":{"line":51,"column":2},"end":{"line":60,"column":15}},"18":{"start":{"line":52,"column":4},"end":{"line":59,"column":5}},"19":{"start":{"line":53,"column":24},"end":{"line":54,"column":null}},"20":{"start":{"line":56,"column":6},"end":{"line":58,"column":7}},"21":{"start":{"line":57,"column":8},"end":{"line":57,"column":56}},"22":{"start":{"line":62,"column":25},"end":{"line":73,"column":null}},"23":{"start":{"line":64,"column":6},"end":{"line":70,"column":null}},"24":{"start":{"line":76,"column":2},"end":{"line":84,"column":4}},"25":{"start":{"line":87,"column":0},"end":{"line":87,"column":25}}},"fnMap":{"0":{"name":"useDialog","decl":{"start":{"line":15,"column":9},"end":{"line":15,"column":18}},"loc":{"start":{"line":15,"column":40},"end":{"line":85,"column":1}}},"1":{"name":"(anonymous_2)","decl":{"start":{"line":31,"column":18},"end":{"line":31,"column":21}},"loc":{"start":{"line":31,"column":23},"end":{"line":37,"column":3}}},"2":{"name":"(anonymous_3)","decl":{"start":{"line":39,"column":29},"end":{"line":39,"column":32}},"loc":{"start":{"line":39,"column":34},"end":{"line":43,"column":3}}},"3":{"name":"(anonymous_4)","decl":{"start":{"line":45,"column":12},"end":{"line":45,"column":15}},"loc":{"start":{"line":45,"column":17},"end":{"line":49,"column":3}}},"4":{"name":"(anonymous_5)","decl":{"start":{"line":51,"column":12},"end":{"line":51,"column":15}},"loc":{"start":{"line":51,"column":17},"end":{"line":60,"column":3}}},"5":{"name":"(anonymous_6)","decl":{"start":{"line":63,"column":4},"end":{"line":63,"column":5}},"loc":{"start":{"line":63,"column":19},"end":{"line":72,"column":5}}}},"branchMap":{"0":{"loc":{"start":{"line":32,"column":4},"end":{"line":36,"column":5}},"type":"if","locations":[{"start":{"line":32,"column":4},"end":{"line":36,"column":5}},{"start":{"line":34,"column":11},"end":{"line":36,"column":5}}]},"1":{"loc":{"start":{"line":40,"column":4},"end":{"line":42,"column":5}},"type":"if","locations":[{"start":{"line":40,"column":4},"end":{"line":42,"column":5}}]},"2":{"loc":{"start":{"line":40,"column":8},"end":{"line":40,"column":38}},"type":"binary-expr","locations":[{"start":{"line":40,"column":8},"end":{"line":40,"column":14}},{"start":{"line":40,"column":18},"end":{"line":40,"column":38}}]},"3":{"loc":{"start":{"line":46,"column":4},"end":{"line":48,"column":5}},"type":"if","locations":[{"start":{"line":46,"column":4},"end":{"line":48,"column":5}}]},"4":{"loc":{"start":{"line":52,"column":4},"end":{"line":59,"column":5}},"type":"if","locations":[{"start":{"line":52,"column":4},"end":{"line":59,"column":5}}]},"5":{"loc":{"start":{"line":53,"column":24},"end":{"line":54,"column":null}},"type":"cond-expr","locations":[{"start":{"line":53,"column":41},"end":{"line":53,"column":43}},{"start":{"line":53,"column":41},"end":{"line":54,"column":null}}]},"6":{"loc":{"start":{"line":53,"column":24},"end":{"line":53,"column":43}},"type":"binary-expr","locations":[{"start":{"line":53,"column":24},"end":{"line":53,"column":43}},{"start":{"line":53,"column":41},"end":{"line":53,"column":43}}]},"7":{"loc":{"start":{"line":56,"column":6},"end":{"line":58,"column":7}},"type":"if","locations":[{"start":{"line":56,"column":6},"end":{"line":58,"column":7}}]},"8":{"loc":{"start":{"line":56,"column":10},"end":{"line":56,"column":27}},"type":"cond-expr","locations":[{"start":{"line":56,"column":19},"end":{"line":56,"column":21}},{"start":{"line":56,"column":10},"end":{"line":56,"column":27}}]},"9":{"loc":{"start":{"line":56,"column":10},"end":{"line":56,"column":21}},"type":"binary-expr","locations":[{"start":{"line":56,"column":10},"end":{"line":56,"column":21}},{"start":{"line":56,"column":10},"end":{"line":56,"column":21}}]},"10":{"loc":{"start":{"line":57,"column":18},"end":{"line":57,"column":46}},"type":"cond-expr","locations":[{"start":{"line":57,"column":41},"end":{"line":57,"column":42}},{"start":{"line":57,"column":45},"end":{"line":57,"column":46}}]},"11":{"loc":{"start":{"line":63,"column":5},"end":{"line":63,"column":15}},"type":"default-arg","locations":[{"start":{"line":63,"column":13},"end":{"line":63,"column":15}}]}},"s":{"0":6,"1":6,"2":9,"3":8,"4":8,"5":8,"6":8,"7":8,"8":1,"9":0,"10":1,"11":8,"12":0,"13":0,"14":8,"15":4,"16":2,"17":8,"18":7,"19":4,"20":4,"21":4,"22":8,"23":4,"24":8,"25":6},"f":{"0":9,"1":1,"2":0,"3":4,"4":7,"5":4},"b":{"0":[0,1],"1":[0],"2":[0,0],"3":[2],"4":[4],"5":[0,4],"6":[4,4],"7":[4],"8":[0,4],"9":[4,4],"10":[0,4],"11":[4]}}
,"/home/lubos/code/onyx-ui/src/components/core/drawer/drawer.tsx": {"path":"/home/lubos/code/onyx-ui/src/components/core/drawer/drawer.tsx","statementMap":{"0":{"start":{"line":1,"column":0},"end":{"line":1,"column":26}},"1":{"start":{"line":3,"column":0},"end":{"line":3,"column":30}},"2":{"start":{"line":4,"column":0},"end":{"line":4,"column":75}},"3":{"start":{"line":5,"column":0},"end":{"line":5,"column":56}},"4":{"start":{"line":6,"column":0},"end":{"line":6,"column":35}},"5":{"start":{"line":7,"column":0},"end":{"line":7,"column":50}},"6":{"start":{"line":11,"column":5},"end":{"line":25,"column":1}},"7":{"start":{"line":12,"column":24},"end":{"line":12,"column":42}},"8":{"start":{"line":13,"column":2},"end":{"line":24,"column":4}},"9":{"start":{"line":19,"column":12},"end":{"line":19,"column":39}},"10":{"start":{"line":20,"column":12},"end":{"line":20,"column":33}},"11":{"start":{"line":20,"column":29},"end":{"line":20,"column":31}},"12":{"start":{"line":9,"column":13},"end":{"line":9,"column":null}},"13":{"start":{"line":32,"column":59},"end":{"line":71,"column":1}},"14":{"start":{"line":37,"column":4},"end":{"line":37,"column":22}},"15":{"start":{"line":39,"column":2},"end":{"line":70,"column":4}},"16":{"start":{"line":59,"column":31},"end":{"line":59,"column":47}},"17":{"start":{"line":32,"column":13},"end":{"line":32,"column":59}},"18":{"start":{"line":73,"column":41},"end":{"line":81,"column":1}},"19":{"start":{"line":74,"column":39},"end":{"line":74,"column":55}},"20":{"start":{"line":74,"column":18},"end":{"line":74,"column":23}},"21":{"start":{"line":74,"column":34},"end":{"line":74,"column":39}},"22":{"start":{"line":76,"column":2},"end":{"line":80,"column":4}},"23":{"start":{"line":83,"column":0},"end":{"line":83,"column":22}}},"fnMap":{"0":{"name":"(anonymous_2)","decl":{"start":{"line":11,"column":5},"end":{"line":11,"column":6}},"loc":{"start":{"line":11,"column":22},"end":{"line":25,"column":1}}},"1":{"name":"(anonymous_3)","decl":{"start":{"line":18,"column":19},"end":{"line":18,"column":22}},"loc":{"start":{"line":18,"column":24},"end":{"line":21,"column":11}}},"2":{"name":"(anonymous_4)","decl":{"start":{"line":20,"column":22},"end":{"line":20,"column":23}},"loc":{"start":{"line":20,"column":29},"end":{"line":20,"column":31}}},"3":{"name":"(anonymous_5)","decl":{"start":{"line":32,"column":59},"end":{"line":32,"column":60}},"loc":{"start":{"line":35,"column":5},"end":{"line":71,"column":1}}},"4":{"name":"(anonymous_6)","decl":{"start":{"line":59,"column":25},"end":{"line":59,"column":28}},"loc":{"start":{"line":59,"column":31},"end":{"line":59,"column":47}}},"5":{"name":"(anonymous_7)","decl":{"start":{"line":73,"column":41},"end":{"line":73,"column":42}},"loc":{"start":{"line":73,"column":51},"end":{"line":81,"column":1}}}},"branchMap":{"0":{"loc":{"start":{"line":15,"column":7},"end":{"line":21,"column":null}},"type":"binary-expr","locations":[{"start":{"line":15,"column":7},"end":{"line":15,"column":37}},{"start":{"line":16,"column":8},"end":{"line":21,"column":null}}]},"1":{"loc":{"start":{"line":19,"column":12},"end":{"line":19,"column":38}},"type":"cond-expr","locations":[{"start":{"line":19,"column":34},"end":{"line":19,"column":38}},{"start":{"line":19,"column":34},"end":{"line":19,"column":38}}]},"2":{"loc":{"start":{"line":19,"column":12},"end":{"line":19,"column":38}},"type":"binary-expr","locations":[{"start":{"line":19,"column":12},"end":{"line":19,"column":38}},{"start":{"line":19,"column":34},"end":{"line":19,"column":38}}]},"3":{"loc":{"start":{"line":41,"column":7},"end":{"line":67,"column":null}},"type":"binary-expr","locations":[{"start":{"line":41,"column":7},"end":{"line":41,"column":13}},{"start":{"line":42,"column":8},"end":{"line":66,"column":null}}]}},"s":{"0":6,"1":6,"2":6,"3":6,"4":6,"5":6,"6":6,"7":0,"8":0,"9":0,"10":0,"11":0,"12":6,"13":6,"14":0,"15":0,"16":0,"17":6,"18":6,"19":0,"20":0,"21":0,"22":0,"23":6},"f":{"0":0,"1":0,"2":0,"3":0,"4":0,"5":0},"b":{"0":[0,0],"1":[0,0],"2":[0,0],"3":[0,0]}}
,"/home/lubos/code/onyx-ui/src/components/core/drawer/index.ts": {"path":"/home/lubos/code/onyx-ui/src/components/core/drawer/index.ts","statementMap":{"0":{"start":{"line":2,"column":0},"end":{"line":2,"column":9}},"1":{"start":{"line":2,"column":9},"end":{"line":2,"column":29}},"2":{"start":{"line":3,"column":0},"end":{"line":3,"column":9}},"3":{"start":{"line":3,"column":9},"end":{"line":3,"column":26}},"4":{"start":{"line":3,"column":28},"end":{"line":3,"column":43}},"5":{"start":{"line":3,"column":43},"end":{"line":3,"column":75}}},"fnMap":{"0":{"name":"(anonymous_1)","decl":{"start":{"line":2,"column":9},"end":{"line":2,"column":16}},"loc":{"start":{"line":2,"column":9},"end":{"line":2,"column":29}}},"1":{"name":"(anonymous_2)","decl":{"start":{"line":3,"column":9},"end":{"line":3,"column":16}},"loc":{"start":{"line":3,"column":9},"end":{"line":3,"column":26}}},"2":{"name":"(anonymous_3)","decl":{"start":{"line":3,"column":28},"end":{"line":3,"column":41}},"loc":{"start":{"line":3,"column":28},"end":{"line":3,"column":43}}},"3":{"name":"(anonymous_4)","decl":{"start":{"line":3,"column":43},"end":{"line":3,"column":56}},"loc":{"start":{"line":3,"column":43},"end":{"line":3,"column":75}}}},"branchMap":{},"s":{"0":6,"1":6,"2":6,"3":6,"4":6,"5":6},"f":{"0":0,"1":0,"2":0,"3":0},"b":{}}
,"/home/lubos/code/onyx-ui/src/components/core/drawer/use-drawer.ts": {"path":"/home/lubos/code/onyx-ui/src/components/core/drawer/use-drawer.ts","statementMap":{"0":{"start":{"line":1,"column":0},"end":{"line":1,"column":54}},"1":{"start":{"line":2,"column":0},"end":{"line":2,"column":49}},"2":{"start":{"line":3,"column":0},"end":{"line":3,"column":53}},"3":{"start":{"line":17,"column":74},"end":{"line":17,"column":79}},"4":{"start":{"line":19,"column":30},"end":{"line":19,"column":54}},"5":{"start":{"line":21,"column":14},"end":{"line":21,"column":42}},"6":{"start":{"line":23,"column":2},"end":{"line":28,"column":5}},"7":{"start":{"line":24,"column":4},"end":{"line":27,"column":5}},"8":{"start":{"line":25,"column":6},"end":{"line":25,"column":24}},"9":{"start":{"line":26,"column":6},"end":{"line":26,"column":23}},"10":{"start":{"line":30,"column":25},"end":{"line":39,"column":null}},"11":{"start":{"line":31,"column":20},"end":{"line":37,"column":null}},"12":{"start":{"line":42,"column":27},"end":{"line":50,"column":null}},"13":{"start":{"line":43,"column":20},"end":{"line":48,"column":null}},"14":{"start":{"line":53,"column":2},"end":{"line":60,"column":4}},"15":{"start":{"line":63,"column":0},"end":{"line":63,"column":25}}},"fnMap":{"0":{"name":"useDrawer","decl":{"start":{"line":16,"column":9},"end":{"line":16,"column":18}},"loc":{"start":{"line":16,"column":40},"end":{"line":61,"column":1}}},"1":{"name":"(anonymous_1)","decl":{"start":{"line":23,"column":23},"end":{"line":23,"column":26}},"loc":{"start":{"line":23,"column":28},"end":{"line":28,"column":3}}},"2":{"name":"(anonymous_2)","decl":{"start":{"line":31,"column":4},"end":{"line":31,"column":5}},"loc":{"start":{"line":31,"column":20},"end":{"line":37,"column":null}}},"3":{"name":"(anonymous_3)","decl":{"start":{"line":43,"column":4},"end":{"line":43,"column":5}},"loc":{"start":{"line":43,"column":20},"end":{"line":48,"column":null}}}},"branchMap":{"0":{"loc":{"start":{"line":24,"column":4},"end":{"line":27,"column":5}},"type":"if","locations":[{"start":{"line":24,"column":4},"end":{"line":27,"column":5}}]},"1":{"loc":{"start":{"line":25,"column":6},"end":{"line":25,"column":23}},"type":"cond-expr","locations":[{"start":{"line":25,"column":19},"end":{"line":25,"column":23}},{"start":{"line":25,"column":19},"end":{"line":25,"column":23}}]},"2":{"loc":{"start":{"line":25,"column":6},"end":{"line":25,"column":23}},"type":"binary-expr","locations":[{"start":{"line":25,"column":6},"end":{"line":25,"column":23}},{"start":{"line":25,"column":19},"end":{"line":25,"column":23}}]},"3":{"loc":{"start":{"line":31,"column":5},"end":{"line":31,"column":15}},"type":"default-arg","locations":[{"start":{"line":31,"column":13},"end":{"line":31,"column":15}}]},"4":{"loc":{"start":{"line":43,"column":5},"end":{"line":43,"column":15}},"type":"default-arg","locations":[{"start":{"line":43,"column":13},"end":{"line":43,"column":15}}]}},"s":{"0":6,"1":6,"2":6,"3":0,"4":0,"5":0,"6":0,"7":0,"8":0,"9":0,"10":0,"11":0,"12":0,"13":0,"14":0,"15":6},"f":{"0":0,"1":0,"2":0,"3":0},"b":{"0":[0],"1":[0,0],"2":[0,0],"3":[0],"4":[0]}}
,"/home/lubos/code/onyx-ui/src/components/core/dropdown/dropdown-item.tsx": {"path":"/home/lubos/code/onyx-ui/src/components/core/dropdown/dropdown-item.tsx","statementMap":{"0":{"start":{"line":1,"column":0},"end":{"line":1,"column":26}},"1":{"start":{"line":2,"column":0},"end":{"line":2,"column":76}},"2":{"start":{"line":4,"column":53},"end":{"line":14,"column":1}},"3":{"start":{"line":5,"column":52},"end":{"line":5,"column":74}},"4":{"start":{"line":6,"column":2},"end":{"line":13,"column":4}},"5":{"start":{"line":16,"column":0},"end":{"line":16,"column":28}}},"fnMap":{"0":{"name":"(anonymous_1)","decl":{"start":{"line":4,"column":53},"end":{"line":4,"column":54}},"loc":{"start":{"line":4,"column":63},"end":{"line":14,"column":1}}}},"branchMap":{},"s":{"0":6,"1":6,"2":6,"3":0,"4":0,"5":6},"f":{"0":0},"b":{}}
,"/home/lubos/code/onyx-ui/src/components/core/dropdown/dropdown-separator.tsx": {"path":"/home/lubos/code/onyx-ui/src/components/core/dropdown/dropdown-separator.tsx","statementMap":{"0":{"start":{"line":1,"column":0},"end":{"line":1,"column":26}},"1":{"start":{"line":3,"column":36},"end":{"line":5,"column":1}},"2":{"start":{"line":4,"column":2},"end":{"line":4,"column":71}},"3":{"start":{"line":7,"column":0},"end":{"line":7,"column":33}}},"fnMap":{"0":{"name":"(anonymous_1)","decl":{"start":{"line":3,"column":36},"end":{"line":3,"column":39}},"loc":{"start":{"line":3,"column":41},"end":{"line":5,"column":1}}}},"branchMap":{},"s":{"0":6,"1":6,"2":0,"3":6},"f":{"0":0},"b":{}}
,"/home/lubos/code/onyx-ui/src/components/core/dropdown/dropdown.tsx": {"path":"/home/lubos/code/onyx-ui/src/components/core/dropdown/dropdown.tsx","statementMap":{"0":{"start":{"line":1,"column":0},"end":{"line":1,"column":26}},"1":{"start":{"line":2,"column":0},"end":{"line":2,"column":63}},"2":{"start":{"line":3,"column":0},"end":{"line":3,"column":79}},"3":{"start":{"line":4,"column":0},"end":{"line":4,"column":36}},"4":{"start":{"line":5,"column":0},"end":{"line":5,"column":56}},"5":{"start":{"line":6,"column":0},"end":{"line":6,"column":50}},"6":{"start":{"line":10,"column":5},"end":{"line":22,"column":1}},"7":{"start":{"line":11,"column":24},"end":{"line":11,"column":44}},"8":{"start":{"line":12,"column":2},"end":{"line":21,"column":4}},"9":{"start":{"line":16,"column":10},"end":{"line":16,"column":40}},"10":{"start":{"line":16,"column":36},"end":{"line":16,"column":38}},"11":{"start":{"line":17,"column":10},"end":{"line":17,"column":37}},"12":{"start":{"line":8,"column":13},"end":{"line":8,"column":null}},"13":{"start":{"line":30,"column":5},"end":{"line":69,"column":1}},"14":{"start":{"line":31,"column":45},"end":{"line":31,"column":65}},"15":{"start":{"line":32,"column":2},"end":{"line":68,"column":4}},"16":{"start":{"line":53,"column":31},"end":{"line":53,"column":60}},"17":{"start":{"line":53,"column":57},"end":{"line":53,"column":59}},"18":{"start":{"line":24,"column":13},"end":{"line":24,"column":null}},"19":{"start":{"line":71,"column":45},"end":{"line":78,"column":1}},"20":{"start":{"line":72,"column":41},"end":{"line":72,"column":59}},"21":{"start":{"line":72,"column":18},"end":{"line":72,"column":23}},"22":{"start":{"line":72,"column":36},"end":{"line":72,"column":41}},"23":{"start":{"line":73,"column":2},"end":{"line":77,"column":4}},"24":{"start":{"line":80,"column":0},"end":{"line":80,"column":24}}},"fnMap":{"0":{"name":"(anonymous_2)","decl":{"start":{"line":10,"column":5},"end":{"line":10,"column":6}},"loc":{"start":{"line":10,"column":22},"end":{"line":22,"column":1}}},"1":{"name":"(anonymous_3)","decl":{"start":{"line":15,"column":17},"end":{"line":15,"column":20}},"loc":{"start":{"line":15,"column":22},"end":{"line":18,"column":9}}},"2":{"name":"(anonymous_4)","decl":{"start":{"line":16,"column":20},"end":{"line":16,"column":21}},"loc":{"start":{"line":16,"column":36},"end":{"line":16,"column":38}}},"3":{"name":"(anonymous_5)","decl":{"start":{"line":30,"column":5},"end":{"line":30,"column":6}},"loc":{"start":{"line":30,"column":69},"end":{"line":69,"column":1}}},"4":{"name":"(anonymous_6)","decl":{"start":{"line":53,"column":25},"end":{"line":53,"column":28}},"loc":{"start":{"line":53,"column":31},"end":{"line":53,"column":60}}},"5":{"name":"(anonymous_7)","decl":{"start":{"line":53,"column":41},"end":{"line":53,"column":42}},"loc":{"start":{"line":53,"column":57},"end":{"line":53,"column":59}}},"6":{"name":"(anonymous_8)","decl":{"start":{"line":71,"column":45},"end":{"line":71,"column":46}},"loc":{"start":{"line":71,"column":55},"end":{"line":78,"column":1}}}},"branchMap":{"0":{"loc":{"start":{"line":17,"column":10},"end":{"line":17,"column":36}},"type":"cond-expr","locations":[{"start":{"line":17,"column":32},"end":{"line":17,"column":36}},{"start":{"line":17,"column":32},"end":{"line":17,"column":36}}]},"1":{"loc":{"start":{"line":17,"column":10},"end":{"line":17,"column":36}},"type":"binary-expr","locations":[{"start":{"line":17,"column":10},"end":{"line":17,"column":36}},{"start":{"line":17,"column":32},"end":{"line":17,"column":36}}]},"2":{"loc":{"start":{"line":30,"column":45},"end":{"line":30,"column":63}},"type":"default-arg","locations":[{"start":{"line":30,"column":57},"end":{"line":30,"column":63}}]},"3":{"loc":{"start":{"line":34,"column":7},"end":{"line":65,"column":null}},"type":"binary-expr","locations":[{"start":{"line":34,"column":7},"end":{"line":34,"column":13}},{"start":{"line":35,"column":8},"end":{"line":64,"column":null}}]},"4":{"loc":{"start":{"line":48,"column":11},"end":{"line":57,"column":null}},"type":"binary-expr","locations":[{"start":{"line":48,"column":11},"end":{"line":48,"column":18}},{"start":{"line":49,"column":12},"end":{"line":56,"column":null}}]},"5":{"loc":{"start":{"line":60,"column":11},"end":{"line":63,"column":null}},"type":"binary-expr","locations":[{"start":{"line":60,"column":11},"end":{"line":60,"column":20}},{"start":{"line":61,"column":12},"end":{"line":62,"column":null}}]}},"s":{"0":6,"1":6,"2":6,"3":6,"4":6,"5":6,"6":6,"7":0,"8":0,"9":0,"10":0,"11":0,"12":6,"13":6,"14":0,"15":0,"16":0,"17":0,"18":6,"19":6,"20":0,"21":0,"22":0,"23":0,"24":6},"f":{"0":0,"1":0,"2":0,"3":0,"4":0,"5":0,"6":0},"b":{"0":[0,0],"1":[0,0],"2":[0],"3":[0,0],"4":[0,0],"5":[0,0]}}
,"/home/lubos/code/onyx-ui/src/components/core/dropdown/index.ts": {"path":"/home/lubos/code/onyx-ui/src/components/core/dropdown/index.ts","statementMap":{"0":{"start":{"line":1,"column":0},"end":{"line":1,"column":null}},"1":{"start":{"line":2,"column":2},"end":{"line":2,"column":21}},"2":{"start":{"line":3,"column":2},"end":{"line":3,"column":null}},"3":{"start":{"line":4,"column":2},"end":{"line":4,"column":null}},"4":{"start":{"line":6,"column":0},"end":{"line":6,"column":9}},"5":{"start":{"line":6,"column":9},"end":{"line":6,"column":31}},"6":{"start":{"line":7,"column":0},"end":{"line":7,"column":9}},"7":{"start":{"line":7,"column":9},"end":{"line":7,"column":32}},"8":{"start":{"line":8,"column":0},"end":{"line":8,"column":null}},"9":{"start":{"line":9,"column":2},"end":{"line":9,"column":28}},"10":{"start":{"line":12,"column":0},"end":{"line":12,"column":9}},"11":{"start":{"line":12,"column":9},"end":{"line":12,"column":37}}},"fnMap":{"0":{"name":"(anonymous_1)","decl":{"start":{"line":2,"column":2},"end":{"line":2,"column":9}},"loc":{"start":{"line":2,"column":2},"end":{"line":2,"column":21}}},"1":{"name":"(anonymous_2)","decl":{"start":{"line":3,"column":2},"end":{"line":3,"column":17}},"loc":{"start":{"line":3,"column":2},"end":{"line":3,"column":null}}},"2":{"name":"(anonymous_3)","decl":{"start":{"line":4,"column":2},"end":{"line":4,"column":17}},"loc":{"start":{"line":4,"column":2},"end":{"line":4,"column":null}}},"3":{"name":"(anonymous_4)","decl":{"start":{"line":6,"column":9},"end":{"line":6,"column":16}},"loc":{"start":{"line":6,"column":9},"end":{"line":6,"column":31}}},"4":{"name":"(anonymous_5)","decl":{"start":{"line":7,"column":9},"end":{"line":7,"column":16}},"loc":{"start":{"line":7,"column":9},"end":{"line":7,"column":32}}},"5":{"name":"(anonymous_6)","decl":{"start":{"line":9,"column":2},"end":{"line":9,"column":9}},"loc":{"start":{"line":9,"column":2},"end":{"line":9,"column":28}}},"6":{"name":"(anonymous_7)","decl":{"start":{"line":12,"column":9},"end":{"line":12,"column":16}},"loc":{"start":{"line":12,"column":9},"end":{"line":12,"column":37}}}},"branchMap":{},"s":{"0":6,"1":6,"2":6,"3":6,"4":6,"5":6,"6":6,"7":6,"8":6,"9":6,"10":6,"11":6},"f":{"0":0,"1":0,"2":0,"3":0,"4":0,"5":0,"6":0},"b":{}}
,"/home/lubos/code/onyx-ui/src/components/core/dropdown/use-dropdown-item.ts": {"path":"/home/lubos/code/onyx-ui/src/components/core/dropdown/use-dropdown-item.ts","statementMap":{"0":{"start":{"line":1,"column":0},"end":{"line":1,"column":52}},"1":{"start":{"line":2,"column":0},"end":{"line":2,"column":67}},"2":{"start":{"line":3,"column":0},"end":{"line":3,"column":54}},"3":{"start":{"line":22,"column":6},"end":{"line":22,"column":11}},"4":{"start":{"line":21,"column":18},"end":{"line":22,"column":6}},"5":{"start":{"line":24,"column":24},"end":{"line":24,"column":44}},"6":{"start":{"line":26,"column":16},"end":{"line":36,"column":null}},"7":{"start":{"line":28,"column":6},"end":{"line":34,"column":null}},"8":{"start":{"line":39,"column":15},"end":{"line":39,"column":37}},"9":{"start":{"line":41,"column":25},"end":{"line":52,"column":null}},"10":{"start":{"line":42,"column":20},"end":{"line":50,"column":null}},"11":{"start":{"line":46,"column":8},"end":{"line":46,"column":25}},"12":{"start":{"line":47,"column":8},"end":{"line":47,"column":25}},"13":{"start":{"line":55,"column":2},"end":{"line":60,"column":4}},"14":{"start":{"line":63,"column":0},"end":{"line":63,"column":31}}},"fnMap":{"0":{"name":"useDropdownItem","decl":{"start":{"line":13,"column":9},"end":{"line":13,"column":24}},"loc":{"start":{"line":13,"column":52},"end":{"line":61,"column":1}}},"1":{"name":"(anonymous_2)","decl":{"start":{"line":27,"column":4},"end":{"line":27,"column":7}},"loc":{"start":{"line":28,"column":6},"end":{"line":34,"column":null}}},"2":{"name":"(anonymous_3)","decl":{"start":{"line":42,"column":4},"end":{"line":42,"column":5}},"loc":{"start":{"line":42,"column":20},"end":{"line":50,"column":null}}},"3":{"name":"(anonymous_4)","decl":{"start":{"line":45,"column":15},"end":{"line":45,"column":16}},"loc":{"start":{"line":45,"column":58},"end":{"line":48,"column":7}}}},"branchMap":{"0":{"loc":{"start":{"line":18,"column":4},"end":{"line":18,"column":23}},"type":"default-arg","locations":[{"start":{"line":18,"column":14},"end":{"line":18,"column":23}}]},"1":{"loc":{"start":{"line":42,"column":5},"end":{"line":42,"column":15}},"type":"default-arg","locations":[{"start":{"line":42,"column":13},"end":{"line":42,"column":15}}]},"2":{"loc":{"start":{"line":46,"column":8},"end":{"line":46,"column":24}},"type":"cond-expr","locations":[{"start":{"line":46,"column":19},"end":{"line":46,"column":22}},{"start":{"line":46,"column":8},"end":{"line":46,"column":24}}]},"3":{"loc":{"start":{"line":46,"column":8},"end":{"line":46,"column":22}},"type":"binary-expr","locations":[{"start":{"line":46,"column":8},"end":{"line":46,"column":22}},{"start":{"line":46,"column":8},"end":{"line":46,"column":22}}]}},"s":{"0":6,"1":6,"2":6,"3":0,"4":0,"5":0,"6":0,"7":0,"8":0,"9":0,"10":0,"11":0,"12":0,"13":0,"14":6},"f":{"0":0,"1":0,"2":0,"3":0},"b":{"0":[0],"1":[0],"2":[0,0],"3":[0,0]}}
,"/home/lubos/code/onyx-ui/src/components/core/dropdown/use-dropdown.ts": {"path":"/home/lubos/code/onyx-ui/src/components/core/dropdown/use-dropdown.ts","statementMap":{"0":{"start":{"line":1,"column":0},"end":{"line":1,"column":41}},"1":{"start":{"line":2,"column":0},"end":{"line":2,"column":59}},"2":{"start":{"line":3,"column":0},"end":{"line":3,"column":49}},"3":{"start":{"line":12,"column":23},"end":{"line":12,"column":28}},"4":{"start":{"line":14,"column":30},"end":{"line":14,"column":54}},"5":{"start":{"line":15,"column":22},"end":{"line":15,"column":47}},"6":{"start":{"line":17,"column":2},"end":{"line":21,"column":5}},"7":{"start":{"line":18,"column":4},"end":{"line":20,"column":5}},"8":{"start":{"line":19,"column":6},"end":{"line":19,"column":45}},"9":{"start":{"line":19,"column":21},"end":{"line":19,"column":37}},"10":{"start":{"line":23,"column":2},"end":{"line":23,"column":54}},"11":{"start":{"line":26,"column":0},"end":{"line":26,"column":27}}},"fnMap":{"0":{"name":"useDropdown","decl":{"start":{"line":11,"column":9},"end":{"line":11,"column":20}},"loc":{"start":{"line":11,"column":44},"end":{"line":24,"column":1}}},"1":{"name":"(anonymous_1)","decl":{"start":{"line":17,"column":31},"end":{"line":17,"column":34}},"loc":{"start":{"line":17,"column":36},"end":{"line":21,"column":3}}},"2":{"name":"(anonymous_2)","decl":{"start":{"line":19,"column":15},"end":{"line":19,"column":18}},"loc":{"start":{"line":19,"column":21},"end":{"line":19,"column":37}}}},"branchMap":{"0":{"loc":{"start":{"line":18,"column":4},"end":{"line":20,"column":5}},"type":"if","locations":[{"start":{"line":18,"column":4},"end":{"line":20,"column":5}}]}},"s":{"0":6,"1":6,"2":6,"3":0,"4":0,"5":0,"6":0,"7":0,"8":0,"9":0,"10":0,"11":6},"f":{"0":0,"1":0,"2":0},"b":{"0":[0]}}
,"/home/lubos/code/onyx-ui/src/components/core/input/index.ts": {"path":"/home/lubos/code/onyx-ui/src/components/core/input/index.ts","statementMap":{"0":{"start":{"line":1,"column":0},"end":{"line":1,"column":9}},"1":{"start":{"line":1,"column":9},"end":{"line":1,"column":25}},"2":{"start":{"line":2,"column":0},"end":{"line":2,"column":9}},"3":{"start":{"line":2,"column":9},"end":{"line":2,"column":28}}},"fnMap":{"0":{"name":"(anonymous_1)","decl":{"start":{"line":1,"column":9},"end":{"line":1,"column":16}},"loc":{"start":{"line":1,"column":9},"end":{"line":1,"column":25}}},"1":{"name":"(anonymous_2)","decl":{"start":{"line":2,"column":9},"end":{"line":2,"column":16}},"loc":{"start":{"line":2,"column":9},"end":{"line":2,"column":28}}}},"branchMap":{},"s":{"0":6,"1":19,"2":6,"3":6},"f":{"0":13,"1":0},"b":{}}
,"/home/lubos/code/onyx-ui/src/components/core/input/input.tsx": {"path":"/home/lubos/code/onyx-ui/src/components/core/input/input.tsx","statementMap":{"0":{"start":{"line":1,"column":0},"end":{"line":1,"column":42}},"1":{"start":{"line":2,"column":0},"end":{"line":2,"column":54}},"2":{"start":{"line":3,"column":0},"end":{"line":3,"column":50}},"3":{"start":{"line":5,"column":14},"end":{"line":58,"column":2}},"4":{"start":{"line":24,"column":6},"end":{"line":27,"column":null}},"5":{"start":{"line":30,"column":2},"end":{"line":57,"column":4}},"6":{"start":{"line":60,"column":0},"end":{"line":60,"column":35}},"7":{"start":{"line":62,"column":0},"end":{"line":62,"column":21}}},"fnMap":{"0":{"name":"(anonymous_7)","decl":{"start":{"line":5,"column":58},"end":{"line":5,"column":59}},"loc":{"start":{"line":5,"column":73},"end":{"line":58,"column":1}}}},"branchMap":{"0":{"loc":{"start":{"line":26,"column":15},"end":{"line":26,"column":47}},"type":"binary-expr","locations":[{"start":{"line":26,"column":15},"end":{"line":26,"column":30}},{"start":{"line":26,"column":34},"end":{"line":26,"column":47}}]},"1":{"loc":{"start":{"line":32,"column":7},"end":{"line":39,"column":null}},"type":"binary-expr","locations":[{"start":{"line":32,"column":7},"end":{"line":32,"column":12}},{"start":{"line":33,"column":8},"end":{"line":38,"column":null}}]},"2":{"loc":{"start":{"line":35,"column":11},"end":{"line":36,"column":null}},"type":"binary-expr","locations":[{"start":{"line":35,"column":11},"end":{"line":35,"column":23}},{"start":{"line":36,"column":12},"end":{"line":36,"column":67}}]},"3":{"loc":{"start":{"line":38,"column":11},"end":{"line":38,"column":71}},"type":"binary-expr","locations":[{"start":{"line":38,"column":11},"end":{"line":38,"column":22}},{"start":{"line":38,"column":26},"end":{"line":38,"column":71}}]},"4":{"loc":{"start":{"line":44,"column":9},"end":{"line":49,"column":null}},"type":"cond-expr","locations":[{"start":{"line":45,"column":10},"end":{"line":46,"column":null}},{"start":{"line":49,"column":10},"end":{"line":49,"column":43}}]},"5":{"loc":{"start":{"line":44,"column":9},"end":{"line":44,"column":37}},"type":"binary-expr","locations":[{"start":{"line":44,"column":9},"end":{"line":44,"column":20}},{"start":{"line":44,"column":24},"end":{"line":44,"column":37}}]},"6":{"loc":{"start":{"line":53,"column":7},"end":{"line":54,"column":null}},"type":"binary-expr","locations":[{"start":{"line":53,"column":7},"end":{"line":53,"column":32}},{"start":{"line":54,"column":8},"end":{"line":54,"column":52}}]}},"s":{"0":6,"1":6,"2":6,"3":6,"4":20,"5":20,"6":6,"7":6},"f":{"0":20},"b":{"0":[20,15],"1":[20,5],"2":[5,1],"3":[5,1],"4":[4,16],"5":[20,11],"6":[20,2]}}
,"/home/lubos/code/onyx-ui/src/components/core/input/use-input.ts": {"path":"/home/lubos/code/onyx-ui/src/components/core/input/use-input.ts","statementMap":{"0":{"start":{"line":1,"column":0},"end":{"line":1,"column":77}},"1":{"start":{"line":2,"column":0},"end":{"line":2,"column":77}},"2":{"start":{"line":3,"column":0},"end":{"line":3,"column":56}},"3":{"start":{"line":45,"column":6},"end":{"line":45,"column":11}},"4":{"start":{"line":44,"column":17},"end":{"line":45,"column":6}},"5":{"start":{"line":47,"column":44},"end":{"line":47,"column":68}},"6":{"start":{"line":49,"column":19},"end":{"line":49,"column":56}},"7":{"start":{"line":50,"column":21},"end":{"line":50,"column":56}},"8":{"start":{"line":52,"column":13},"end":{"line":52,"column":30}},"9":{"start":{"line":54,"column":20},"end":{"line":54,"column":33}},"10":{"start":{"line":56,"column":22},"end":{"line":56,"column":68}},"11":{"start":{"line":58,"column":16},"end":{"line":64,"column":8}},"12":{"start":{"line":59,"column":4},"end":{"line":63,"column":6}},"13":{"start":{"line":66,"column":25},"end":{"line":76,"column":3}},"14":{"start":{"line":67,"column":4},"end":{"line":69,"column":5}},"15":{"start":{"line":68,"column":6},"end":{"line":68,"column":29}},"16":{"start":{"line":71,"column":4},"end":{"line":73,"column":5}},"17":{"start":{"line":72,"column":6},"end":{"line":72,"column":30}},"18":{"start":{"line":75,"column":4},"end":{"line":75,"column":26}},"19":{"start":{"line":78,"column":23},"end":{"line":86,"column":null}},"20":{"start":{"line":81,"column":10},"end":{"line":81,"column":32}},"21":{"start":{"line":84,"column":10},"end":{"line":84,"column":32}},"22":{"start":{"line":89,"column":19},"end":{"line":91,"column":3}},"23":{"start":{"line":90,"column":4},"end":{"line":90,"column":24}},"24":{"start":{"line":93,"column":18},"end":{"line":99,"column":3}},"25":{"start":{"line":94,"column":4},"end":{"line":98,"column":5}},"26":{"start":{"line":95,"column":6},"end":{"line":95,"column":34}},"27":{"start":{"line":96,"column":6},"end":{"line":96,"column":30}},"28":{"start":{"line":97,"column":6},"end":{"line":97,"column":22}},"29":{"start":{"line":101,"column":24},"end":{"line":117,"column":null}},"30":{"start":{"line":103,"column":6},"end":{"line":114,"column":null}},"31":{"start":{"line":109,"column":10},"end":{"line":110,"column":null}},"32":{"start":{"line":111,"column":22},"end":{"line":111,"column":null}},"33":{"start":{"line":120,"column":26},"end":{"line":139,"column":null}},"34":{"start":{"line":122,"column":6},"end":{"line":136,"column":null}},"35":{"start":{"line":133,"column":10},"end":{"line":133,"column":67}},"36":{"start":{"line":134,"column":10},"end":{"line":134,"column":36}},"37":{"start":{"line":142,"column":19},"end":{"line":142,"column":45}},"38":{"start":{"line":143,"column":20},"end":{"line":143,"column":47}},"39":{"start":{"line":144,"column":20},"end":{"line":144,"column":47}},"40":{"start":{"line":146,"column":2},"end":{"line":164,"column":4}},"41":{"start":{"line":167,"column":0},"end":{"line":167,"column":24}}},"fnMap":{"0":{"name":"useInput","decl":{"start":{"line":24,"column":9},"end":{"line":24,"column":17}},"loc":{"start":{"line":24,"column":38},"end":{"line":165,"column":1}}},"1":{"name":"(anonymous_2)","decl":{"start":{"line":58,"column":24},"end":{"line":58,"column":27}},"loc":{"start":{"line":58,"column":29},"end":{"line":64,"column":3}}},"2":{"name":"(anonymous_3)","decl":{"start":{"line":66,"column":25},"end":{"line":66,"column":26}},"loc":{"start":{"line":66,"column":72},"end":{"line":76,"column":3}}},"3":{"name":"(anonymous_4)","decl":{"start":{"line":80,"column":19},"end":{"line":80,"column":20}},"loc":{"start":{"line":80,"column":66},"end":{"line":82,"column":9}}},"4":{"name":"(anonymous_5)","decl":{"start":{"line":83,"column":8},"end":{"line":83,"column":9}},"loc":{"start":{"line":83,"column":55},"end":{"line":85,"column":9}}},"5":{"name":"(anonymous_6)","decl":{"start":{"line":89,"column":19},"end":{"line":89,"column":20}},"loc":{"start":{"line":89,"column":66},"end":{"line":91,"column":3}}},"6":{"name":"(anonymous_7)","decl":{"start":{"line":93,"column":18},"end":{"line":93,"column":21}},"loc":{"start":{"line":93,"column":23},"end":{"line":99,"column":3}}},"7":{"name":"(anonymous_8)","decl":{"start":{"line":102,"column":4},"end":{"line":102,"column":5}},"loc":{"start":{"line":102,"column":19},"end":{"line":116,"column":5}}},"8":{"name":"(anonymous_9)","decl":{"start":{"line":108,"column":17},"end":{"line":108,"column":20}},"loc":{"start":{"line":108,"column":22},"end":{"line":110,"column":null}}},"9":{"name":"(anonymous_10)","decl":{"start":{"line":111,"column":16},"end":{"line":111,"column":19}},"loc":{"start":{"line":111,"column":21},"end":{"line":111,"column":null}}},"10":{"name":"(anonymous_11)","decl":{"start":{"line":121,"column":4},"end":{"line":121,"column":5}},"loc":{"start":{"line":121,"column":19},"end":{"line":138,"column":5}}},"11":{"name":"(anonymous_12)","decl":{"start":{"line":132,"column":17},"end":{"line":132,"column":20}},"loc":{"start":{"line":132,"column":22},"end":{"line":135,"column":9}}}},"branchMap":{"0":{"loc":{"start":{"line":32,"column":4},"end":{"line":32,"column":23}},"type":"default-arg","locations":[{"start":{"line":32,"column":18},"end":{"line":32,"column":23}}]},"1":{"loc":{"start":{"line":33,"column":4},"end":{"line":33,"column":21}},"type":"default-arg","locations":[{"start":{"line":33,"column":16},"end":{"line":33,"column":21}}]},"2":{"loc":{"start":{"line":35,"column":4},"end":{"line":35,"column":22}},"type":"default-arg","locations":[{"start":{"line":35,"column":17},"end":{"line":35,"column":22}}]},"3":{"loc":{"start":{"line":36,"column":4},"end":{"line":36,"column":16}},"type":"default-arg","locations":[{"start":{"line":36,"column":15},"end":{"line":36,"column":16}}]},"4":{"loc":{"start":{"line":37,"column":4},"end":{"line":37,"column":23}},"type":"default-arg","locations":[{"start":{"line":37,"column":18},"end":{"line":37,"column":23}}]},"5":{"loc":{"start":{"line":52,"column":13},"end":{"line":52,"column":30}},"type":"binary-expr","locations":[{"start":{"line":52,"column":13},"end":{"line":52,"column":19}},{"start":{"line":52,"column":23},"end":{"line":52,"column":30}}]},"6":{"loc":{"start":{"line":54,"column":20},"end":{"line":54,"column":33}},"type":"binary-expr","locations":[{"start":{"line":54,"column":20},"end":{"line":54,"column":22}},{"start":{"line":54,"column":26},"end":{"line":54,"column":33}}]},"7":{"loc":{"start":{"line":56,"column":22},"end":{"line":56,"column":68}},"type":"binary-expr","locations":[{"start":{"line":56,"column":22},"end":{"line":56,"column":34}},{"start":{"line":56,"column":38},"end":{"line":56,"column":45}},{"start":{"line":56,"column":49},"end":{"line":56,"column":68}}]},"8":{"loc":{"start":{"line":67,"column":4},"end":{"line":69,"column":5}},"type":"if","locations":[{"start":{"line":67,"column":4},"end":{"line":69,"column":5}}]},"9":{"loc":{"start":{"line":67,"column":8},"end":{"line":67,"column":61}},"type":"binary-expr","locations":[{"start":{"line":67,"column":8},"end":{"line":67,"column":28}},{"start":{"line":67,"column":32},"end":{"line":67,"column":46}},{"start":{"line":67,"column":50},"end":{"line":67,"column":61}}]},"10":{"loc":{"start":{"line":71,"column":4},"end":{"line":73,"column":5}},"type":"if","locations":[{"start":{"line":71,"column":4},"end":{"line":73,"column":5}}]},"11":{"loc":{"start":{"line":75,"column":4},"end":{"line":75,"column":25}},"type":"cond-expr","locations":[{"start":{"line":75,"column":16},"end":{"line":75,"column":19}},{"start":{"line":75,"column":4},"end":{"line":75,"column":25}}]},"12":{"loc":{"start":{"line":75,"column":4},"end":{"line":75,"column":19}},"type":"binary-expr","locations":[{"start":{"line":75,"column":4},"end":{"line":75,"column":19}},{"start":{"line":75,"column":4},"end":{"line":75,"column":19}}]},"13":{"loc":{"start":{"line":79,"column":4},"end":{"line":85,"column":9}},"type":"cond-expr","locations":[{"start":{"line":80,"column":8},"end":{"line":82,"column":20}},{"start":{"line":83,"column":8},"end":{"line":85,"column":9}}]},"14":{"loc":{"start":{"line":94,"column":4},"end":{"line":98,"column":5}},"type":"if","locations":[{"start":{"line":94,"column":4},"end":{"line":98,"column":5}}]},"15":{"loc":{"start":{"line":94,"column":10},"end":{"line":94,"column":27}},"type":"cond-expr","locations":[{"start":{"line":94,"column":18},"end":{"line":94,"column":20}},{"start":{"line":94,"column":10},"end":{"line":94,"column":27}}]},"16":{"loc":{"start":{"line":94,"column":10},"end":{"line":94,"column":20}},"type":"binary-expr","locations":[{"start":{"line":94,"column":10},"end":{"line":94,"column":20}},{"start":{"line":94,"column":10},"end":{"line":94,"column":20}}]},"17":{"loc":{"start":{"line":97,"column":6},"end":{"line":97,"column":21}},"type":"cond-expr","locations":[{"start":{"line":97,"column":17},"end":{"line":97,"column":21}},{"start":{"line":97,"column":6},"end":{"line":97,"column":21}}]},"18":{"loc":{"start":{"line":97,"column":6},"end":{"line":97,"column":21}},"type":"binary-expr","locations":[{"start":{"line":97,"column":6},"end":{"line":97,"column":21}},{"start":{"line":97,"column":6},"end":{"line":97,"column":21}}]},"19":{"loc":{"start":{"line":102,"column":5},"end":{"line":102,"column":15}},"type":"default-arg","locations":[{"start":{"line":102,"column":13},"end":{"line":102,"column":15}}]},"20":{"loc":{"start":{"line":109,"column":10},"end":{"line":110,"column":null}},"type":"binary-expr","locations":[{"start":{"line":109,"column":10},"end":{"line":109,"column":21}},{"start":{"line":110,"column":10},"end":{"line":110,"column":66}}]},"21":{"loc":{"start":{"line":110,"column":10},"end":{"line":110,"column":66}},"type":"cond-expr","locations":[{"start":{"line":110,"column":28},"end":{"line":110,"column":30}},{"start":{"line":110,"column":28},"end":{"line":110,"column":66}}]},"22":{"loc":{"start":{"line":110,"column":10},"end":{"line":110,"column":30}},"type":"binary-expr","locations":[{"start":{"line":110,"column":10},"end":{"line":110,"column":30}},{"start":{"line":110,"column":28},"end":{"line":110,"column":30}}]},"23":{"loc":{"start":{"line":111,"column":22},"end":{"line":111,"column":73}},"type":"cond-expr","locations":[{"start":{"line":111,"column":40},"end":{"line":111,"column":42}},{"start":{"line":111,"column":40},"end":{"line":111,"column":73}}]},"24":{"loc":{"start":{"line":111,"column":22},"end":{"line":111,"column":42}},"type":"binary-expr","locations":[{"start":{"line":111,"column":22},"end":{"line":111,"column":42}},{"start":{"line":111,"column":40},"end":{"line":111,"column":42}}]},"25":{"loc":{"start":{"line":112,"column":12},"end":{"line":112,"column":46}},"type":"cond-expr","locations":[{"start":{"line":112,"column":25},"end":{"line":112,"column":41}},{"start":{"line":112,"column":44},"end":{"line":112,"column":46}}]},"26":{"loc":{"start":{"line":121,"column":5},"end":{"line":121,"column":15}},"type":"default-arg","locations":[{"start":{"line":121,"column":13},"end":{"line":121,"column":15}}]},"27":{"loc":{"start":{"line":133,"column":10},"end":{"line":133,"column":66}},"type":"cond-expr","locations":[{"start":{"line":133,"column":28},"end":{"line":133,"column":30}},{"start":{"line":133,"column":28},"end":{"line":133,"column":66}}]},"28":{"loc":{"start":{"line":133,"column":10},"end":{"line":133,"column":30}},"type":"binary-expr","locations":[{"start":{"line":133,"column":10},"end":{"line":133,"column":30}},{"start":{"line":133,"column":28},"end":{"line":133,"column":30}}]},"29":{"loc":{"start":{"line":134,"column":10},"end":{"line":134,"column":35}},"type":"cond-expr","locations":[{"start":{"line":134,"column":26},"end":{"line":134,"column":28}},{"start":{"line":134,"column":26},"end":{"line":134,"column":35}}]},"30":{"loc":{"start":{"line":134,"column":10},"end":{"line":134,"column":28}},"type":"binary-expr","locations":[{"start":{"line":134,"column":10},"end":{"line":134,"column":28}},{"start":{"line":134,"column":26},"end":{"line":134,"column":28}}]}},"s":{"0":6,"1":6,"2":6,"3":20,"4":20,"5":20,"6":20,"7":20,"8":20,"9":20,"10":20,"11":20,"12":13,"13":20,"14":6,"15":4,"16":6,"17":0,"18":6,"19":20,"20":0,"21":6,"22":20,"23":6,"24":20,"25":3,"26":3,"27":3,"28":3,"29":20,"30":20,"31":3,"32":0,"33":20,"34":20,"35":3,"36":3,"37":20,"38":20,"39":20,"40":20,"41":6},"f":{"0":20,"1":13,"2":6,"3":0,"4":6,"5":6,"6":3,"7":20,"8":3,"9":0,"10":20,"11":3},"b":{"0":[9],"1":[20],"2":[20],"3":[20],"4":[19],"5":[20,20],"6":[20,20],"7":[20,19,4],"8":[4],"9":[6,6,6],"10":[0],"11":[5,1],"12":[6,6],"13":[0,20],"14":[3],"15":[0,3],"16":[3,3],"17":[2,1],"18":[3,3],"19":[20],"20":[3,3],"21":[0,3],"22":[3,3],"23":[0,0],"24":[0,0],"25":[0,20],"26":[20],"27":[0,3],"28":[3,3],"29":[0,3],"30":[3,3]}}
,"/home/lubos/code/onyx-ui/src/components/core/select/index.ts": {"path":"/home/lubos/code/onyx-ui/src/components/core/select/index.ts","statementMap":{"0":{"start":{"line":1,"column":0},"end":{"line":1,"column":9}},"1":{"start":{"line":1,"column":9},"end":{"line":1,"column":26}},"2":{"start":{"line":2,"column":0},"end":{"line":2,"column":9}},"3":{"start":{"line":2,"column":9},"end":{"line":2,"column":29}}},"fnMap":{"0":{"name":"(anonymous_1)","decl":{"start":{"line":1,"column":9},"end":{"line":1,"column":16}},"loc":{"start":{"line":1,"column":9},"end":{"line":1,"column":26}}},"1":{"name":"(anonymous_2)","decl":{"start":{"line":2,"column":9},"end":{"line":2,"column":16}},"loc":{"start":{"line":2,"column":9},"end":{"line":2,"column":29}}}},"branchMap":{},"s":{"0":6,"1":6,"2":6,"3":6},"f":{"0":0,"1":0},"b":{}}
[...]
,"/home/lubos/code/onyx-ui/src/components/core/vertical-navigation/index.ts": {"path":"/home/lubos/code/onyx-ui/src/components/core/vertical-navigation/index.ts","statementMap":{"0":{"start":{"line":2,"column":0},"end":{"line":2,"column":9}},"1":{"start":{"line":2,"column":9},"end":{"line":2,"column":41}},"2":{"start":{"line":4,"column":0},"end":{"line":4,"column":9}},"3":{"start":{"line":4,"column":9},"end":{"line":4,"column":45}},"4":{"start":{"line":5,"column":0},"end":{"line":5,"column":9}},"5":{"start":{"line":5,"column":9},"end":{"line":5,"column":38}},"6":{"start":{"line":6,"column":0},"end":{"line":6,"column":null}},"7":{"start":{"line":7,"column":2},"end":{"line":7,"column":35}},"8":{"start":{"line":8,"column":2},"end":{"line":8,"column":null}}},"fnMap":{"0":{"name":"(anonymous_1)","decl":{"start":{"line":2,"column":9},"end":{"line":2,"column":16}},"loc":{"start":{"line":2,"column":9},"end":{"line":2,"column":41}}},"1":{"name":"(anonymous_2)","decl":{"start":{"line":4,"column":9},"end":{"line":4,"column":16}},"loc":{"start":{"line":4,"column":9},"end":{"line":4,"column":45}}},"2":{"name":"(anonymous_3)","decl":{"start":{"line":5,"column":9},"end":{"line":5,"column":16}},"loc":{"start":{"line":5,"column":9},"end":{"line":5,"column":38}}},"3":{"name":"(anonymous_4)","decl":{"start":{"line":7,"column":2},"end":{"line":7,"column":9}},"loc":{"start":{"line":7,"column":2},"end":{"line":7,"column":35}}},"4":{"name":"(anonymous_5)","decl":{"start":{"line":8,"column":2},"end":{"line":8,"column":27}},"loc":{"start":{"line":8,"column":2},"end":{"line":8,"column":null}}}},"branchMap":{},"s":{"0":6,"1":6,"2":6,"3":6,"4":6,"5":6,"6":6,"7":6,"8":6},"f":{"0":0,"1":0,"2":0,"3":0,"4":0},"b":{}}
,"/home/lubos/code/onyx-ui/src/components/core/vertical-navigation/use-vertical-navigation-item.ts": {"path":"/home/lubos/code/onyx-ui/src/components/core/vertical-navigation/use-vertical-navigation-item.ts","statementMap":{"0":{"start":{"line":1,"column":0},"end":{"line":1,"column":45}},"1":{"start":{"line":2,"column":0},"end":{"line":2,"column":67}},"2":{"start":{"line":23,"column":6},"end":{"line":23,"column":11}},"3":{"start":{"line":22,"column":16},"end":{"line":23,"column":6}},"4":{"start":{"line":25,"column":20},"end":{"line":25,"column":29}},"5":{"start":{"line":27,"column":16},"end":{"line":39,"column":17}},"6":{"start":{"line":28,"column":4},"end":{"line":38,"column":6}},"7":{"start":{"line":41,"column":21},"end":{"line":48,"column":8}},"8":{"start":{"line":42,"column":4},"end":{"line":47,"column":6}},"9":{"start":{"line":50,"column":15},"end":{"line":50,"column":37}},"10":{"start":{"line":52,"column":23},"end":{"line":57,"column":8}},"11":{"start":{"line":53,"column":4},"end":{"line":55,"column":null}},"12":{"start":{"line":59,"column":2},"end":{"line":59,"column":79}},"13":{"start":{"line":62,"column":0},"end":{"line":62,"column":41}}},"fnMap":{"0":{"name":"useVerticalNavigationItem","decl":{"start":{"line":13,"column":9},"end":{"line":13,"column":34}},"loc":{"start":{"line":13,"column":72},"end":{"line":60,"column":1}}},"1":{"name":"(anonymous_2)","decl":{"start":{"line":27,"column":24},"end":{"line":27,"column":27}},"loc":{"start":{"line":27,"column":29},"end":{"line":39,"column":3}}},"2":{"name":"(anonymous_3)","decl":{"start":{"line":41,"column":29},"end":{"line":41,"column":32}},"loc":{"start":{"line":41,"column":34},"end":{"line":48,"column":3}}},"3":{"name":"(anonymous_4)","decl":{"start":{"line":52,"column":35},"end":{"line":52,"column":36}},"loc":{"start":{"line":52,"column":50},"end":{"line":57,"column":3}}}},"branchMap":{"0":{"loc":{"start":{"line":25,"column":20},"end":{"line":25,"column":29}},"type":"binary-expr","locations":[{"start":{"line":25,"column":20},"end":{"line":25,"column":22}},{"start":{"line":25,"column":26},"end":{"line":25,"column":29}}]},"1":{"loc":{"start":{"line":32,"column":10},"end":{"line":32,"column":28}},"type":"binary-expr","locations":[{"start":{"line":32,"column":10},"end":{"line":32,"column":16}},{"start":{"line":32,"column":20},"end":{"line":32,"column":28}}]},"2":{"loc":{"start":{"line":35,"column":48},"end":{"line":35,"column":65}},"type":"binary-expr","locations":[{"start":{"line":35,"column":48},"end":{"line":35,"column":54}},{"start":{"line":35,"column":58},"end":{"line":35,"column":65}}]},"3":{"loc":{"start":{"line":45,"column":26},"end":{"line":45,"column":43}},"type":"binary-expr","locations":[{"start":{"line":45,"column":26},"end":{"line":45,"column":33}},{"start":{"line":45,"column":37},"end":{"line":45,"column":43}}]},"4":{"loc":{"start":{"line":52,"column":36},"end":{"line":52,"column":46}},"type":"default-arg","locations":[{"start":{"line":52,"column":44},"end":{"line":52,"column":46}}]}},"s":{"0":6,"1":6,"2":0,"3":0,"4":0,"5":0,"6":0,"7":0,"8":0,"9":0,"10":0,"11":0,"12":0,"13":6},"f":{"0":0,"1":0,"2":0,"3":0},"b":{"0":[0,0],"1":[0,0],"2":[0,0],"3":[0,0],"4":[0]}}
,"/home/lubos/code/onyx-ui/src/components/core/vertical-navigation/use-vertical-navigation.ts": {"path":"/home/lubos/code/onyx-ui/src/components/core/vertical-navigation/use-vertical-navigation.ts","statementMap":{"0":{"start":{"line":1,"column":0},"end":{"line":1,"column":45}},"1":{"start":{"line":2,"column":0},"end":{"line":2,"column":53}},"2":{"start":{"line":11,"column":58},"end":{"line":11,"column":63}},"3":{"start":{"line":11,"column":53},"end":{"line":11,"column":58}},"4":{"start":{"line":13,"column":20},"end":{"line":13,"column":31}},"5":{"start":{"line":15,"column":17},"end":{"line":17,"column":17}},"6":{"start":{"line":16,"column":4},"end":{"line":16,"column":42}},"7":{"start":{"line":19,"column":37},"end":{"line":24,"column":8}},"8":{"start":{"line":20,"column":4},"end":{"line":22,"column":null}},"9":{"start":{"line":26,"column":2},"end":{"line":26,"column":76}},"10":{"start":{"line":29,"column":0},"end":{"line":29,"column":37}}},"fnMap":{"0":{"name":"useVerticalNavigation","decl":{"start":{"line":10,"column":9},"end":{"line":10,"column":30}},"loc":{"start":{"line":10,"column":64},"end":{"line":27,"column":1}}},"1":{"name":"(anonymous_2)","decl":{"start":{"line":15,"column":25},"end":{"line":15,"column":28}},"loc":{"start":{"line":15,"column":30},"end":{"line":17,"column":3}}},"2":{"name":"(anonymous_3)","decl":{"start":{"line":19,"column":49},"end":{"line":19,"column":50}},"loc":{"start":{"line":19,"column":64},"end":{"line":24,"column":3}}}},"branchMap":{"0":{"loc":{"start":{"line":13,"column":20},"end":{"line":13,"column":31}},"type":"binary-expr","locations":[{"start":{"line":13,"column":20},"end":{"line":13,"column":22}},{"start":{"line":13,"column":26},"end":{"line":13,"column":31}}]},"1":{"loc":{"start":{"line":19,"column":50},"end":{"line":19,"column":60}},"type":"default-arg","locations":[{"start":{"line":19,"column":58},"end":{"line":19,"column":60}}]}},"s":{"0":6,"1":6,"2":0,"3":0,"4":0,"5":0,"6":0,"7":0,"8":0,"9":0,"10":6},"f":{"0":0,"1":0,"2":0},"b":{"0":[0,0],"1":[0]}}
,"/home/lubos/code/onyx-ui/src/components/core/vertical-navigation/vertical-navigation-item.tsx": {"path":"/home/lubos/code/onyx-ui/src/components/core/vertical-navigation/vertical-navigation-item.tsx","statementMap":{"0":{"start":{"line":1,"column":0},"end":{"line":1,"column":26}},"1":{"start":{"line":2,"column":0},"end":{"line":2,"column":null}},"2":{"start":{"line":6,"column":51},"end":{"line":8,"column":1}},"3":{"start":{"line":7,"column":2},"end":{"line":7,"column":50}},"4":{"start":{"line":6,"column":13},"end":{"line":6,"column":51}},"5":{"start":{"line":10,"column":73},"end":{"line":25,"column":1}},"6":{"start":{"line":14,"column":4},"end":{"line":14,"column":36}},"7":{"start":{"line":16,"column":2},"end":{"line":24,"column":4}},"8":{"start":{"line":27,"column":0},"end":{"line":27,"column":38}}},"fnMap":{"0":{"name":"(anonymous_1)","decl":{"start":{"line":6,"column":51},"end":{"line":6,"column":54}},"loc":{"start":{"line":6,"column":56},"end":{"line":8,"column":1}}},"1":{"name":"(anonymous_2)","decl":{"start":{"line":10,"column":73},"end":{"line":10,"column":null}},"loc":{"start":{"line":12,"column":4},"end":{"line":25,"column":1}}}},"branchMap":{"0":{"loc":{"start":{"line":21,"column":9},"end":{"line":21,"column":59}},"type":"binary-expr","locations":[{"start":{"line":21,"column":9},"end":{"line":21,"column":14}},{"start":{"line":21,"column":18},"end":{"line":21,"column":59}}]}},"s":{"0":6,"1":6,"2":6,"3":0,"4":6,"5":6,"6":0,"7":0,"8":6},"f":{"0":0,"1":0},"b":{"0":[0,0]}}
,"/home/lubos/code/onyx-ui/src/components/core/vertical-navigation/vertical-navigation.tsx": {"path":"/home/lubos/code/onyx-ui/src/components/core/vertical-navigation/vertical-navigation.tsx","statementMap":{"0":{"start":{"line":1,"column":0},"end":{"line":1,"column":26}},"1":{"start":{"line":2,"column":0},"end":{"line":2,"column":null}},"2":{"start":{"line":6,"column":65},"end":{"line":20,"column":1}},"3":{"start":{"line":8,"column":4},"end":{"line":8,"column":32}},"4":{"start":{"line":10,"column":2},"end":{"line":19,"column":4}},"5":{"start":{"line":22,"column":0},"end":{"line":22,"column":34}}},"fnMap":{"0":{"name":"(anonymous_1)","decl":{"start":{"line":6,"column":65},"end":{"line":6,"column":66}},"loc":{"start":{"line":6,"column":75},"end":{"line":20,"column":1}}}},"branchMap":{"0":{"loc":{"start":{"line":12,"column":7},"end":{"line":15,"column":null}},"type":"binary-expr","locations":[{"start":{"line":12,"column":7},"end":{"line":12,"column":12}},{"start":{"line":13,"column":8},"end":{"line":14,"column":null}}]}},"s":{"0":6,"1":6,"2":6,"3":0,"4":0,"5":6},"f":{"0":0},"b":{"0":[0,0]}}
,"/home/lubos/code/onyx-ui/src/context/dialog-context.tsx": {"path":"/home/lubos/code/onyx-ui/src/context/dialog-context.tsx","statementMap":{"0":{"start":{"line":1,"column":0},"end":{"line":1,"column":26}},"1":{"start":{"line":4,"column":22},"end":{"line":4,"column":52}},"2":{"start":{"line":6,"column":32},"end":{"line":14,"column":1}},"3":{"start":{"line":7,"column":14},"end":{"line":7,"column":45}},"4":{"start":{"line":9,"column":2},"end":{"line":11,"column":3}},"5":{"start":{"line":10,"column":4},"end":{"line":10,"column":77}},"6":{"start":{"line":13,"column":2},"end":{"line":13,"column":13}},"7":{"start":{"line":6,"column":13},"end":{"line":6,"column":32}},"8":{"start":{"line":16,"column":37},"end":{"line":23,"column":1}},"9":{"start":{"line":17,"column":38},"end":{"line":17,"column":43}},"10":{"start":{"line":17,"column":33},"end":{"line":17,"column":38}},"11":{"start":{"line":18,"column":2},"end":{"line":22,"column":4}},"12":{"start":{"line":16,"column":13},"end":{"line":16,"column":37}}},"fnMap":{"0":{"name":"(anonymous_2)","decl":{"start":{"line":6,"column":32},"end":{"line":6,"column":35}},"loc":{"start":{"line":6,"column":37},"end":{"line":14,"column":1}}},"1":{"name":"(anonymous_3)","decl":{"start":{"line":16,"column":37},"end":{"line":16,"column":38}},"loc":{"start":{"line":16,"column":63},"end":{"line":23,"column":1}}}},"branchMap":{"0":{"loc":{"start":{"line":9,"column":2},"end":{"line":11,"column":3}},"type":"if","locations":[{"start":{"line":9,"column":2},"end":{"line":11,"column":3}}]}},"s":{"0":6,"1":6,"2":6,"3":19,"4":19,"5":8,"6":11,"7":6,"8":6,"9":8,"10":7,"11":7,"12":6},"f":{"0":19,"1":8},"b":{"0":[8]}}
,"/home/lubos/code/onyx-ui/src/context/drawer-context.tsx": {"path":"/home/lubos/code/onyx-ui/src/context/drawer-context.tsx","statementMap":{"0":{"start":{"line":1,"column":0},"end":{"line":1,"column":26}},"1":{"start":{"line":2,"column":0},"end":{"line":2,"column":50}},"2":{"start":{"line":7,"column":22},"end":{"line":7,"column":68}},"3":{"start":{"line":9,"column":32},"end":{"line":17,"column":1}},"4":{"start":{"line":10,"column":14},"end":{"line":10,"column":39}},"5":{"start":{"line":12,"column":2},"end":{"line":14,"column":3}},"6":{"start":{"line":13,"column":4},"end":{"line":13,"column":77}},"7":{"start":{"line":16,"column":2},"end":{"line":16,"column":13}},"8":{"start":{"line":9,"column":13},"end":{"line":9,"column":32}},"9":{"start":{"line":22,"column":5},"end":{"line":28,"column":1}},"10":{"start":{"line":23,"column":2},"end":{"line":27,"column":4}},"11":{"start":{"line":19,"column":13},"end":{"line":19,"column":null}}},"fnMap":{"0":{"name":"(anonymous_1)","decl":{"start":{"line":9,"column":32},"end":{"line":9,"column":35}},"loc":{"start":{"line":9,"column":37},"end":{"line":17,"column":1}}},"1":{"name":"(anonymous_2)","decl":{"start":{"line":22,"column":5},"end":{"line":22,"column":6}},"loc":{"start":{"line":22,"column":29},"end":{"line":28,"column":1}}}},"branchMap":{"0":{"loc":{"start":{"line":12,"column":2},"end":{"line":14,"column":3}},"type":"if","locations":[{"start":{"line":12,"column":2},"end":{"line":14,"column":3}}]}},"s":{"0":6,"1":6,"2":6,"3":6,"4":0,"5":0,"6":0,"7":0,"8":6,"9":6,"10":0,"11":6},"f":{"0":0,"1":0},"b":{"0":[0]}}
,"/home/lubos/code/onyx-ui/src/context/dropdown-context.tsx": {"path":"/home/lubos/code/onyx-ui/src/context/dropdown-context.tsx","statementMap":{"0":{"start":{"line":7,"column":0},"end":{"line":7,"column":16}},"1":{"start":{"line":1,"column":0},"end":{"line":1,"column":26}},"2":{"start":{"line":2,"column":0},"end":{"line":2,"column":50}},"3":{"start":{"line":5,"column":24},"end":{"line":5,"column":48}},"4":{"start":{"line":8,"column":14},"end":{"line":8,"column":41}},"5":{"start":{"line":10,"column":2},"end":{"line":14,"column":3}},"6":{"start":{"line":11,"column":4},"end":{"line":13,"column":6}},"7":{"start":{"line":16,"column":2},"end":{"line":16,"column":13}},"8":{"start":{"line":19,"column":39},"end":{"line":26,"column":1}},"9":{"start":{"line":20,"column":41},"end":{"line":20,"column":46}},"10":{"start":{"line":20,"column":36},"end":{"line":20,"column":41}},"11":{"start":{"line":21,"column":2},"end":{"line":25,"column":4}},"12":{"start":{"line":19,"column":13},"end":{"line":19,"column":39}}},"fnMap":{"0":{"name":"useDropdownContext","decl":{"start":{"line":7,"column":16},"end":{"line":7,"column":34}},"loc":{"start":{"line":7,"column":34},"end":{"line":17,"column":1}}},"1":{"name":"(anonymous_3)","decl":{"start":{"line":19,"column":39},"end":{"line":19,"column":40}},"loc":{"start":{"line":19,"column":67},"end":{"line":26,"column":1}}}},"branchMap":{"0":{"loc":{"start":{"line":10,"column":2},"end":{"line":14,"column":3}},"type":"if","locations":[{"start":{"line":10,"column":2},"end":{"line":14,"column":3}}]}},"s":{"0":6,"1":6,"2":6,"3":6,"4":0,"5":0,"6":0,"7":0,"8":6,"9":0,"10":0,"11":0,"12":6},"f":{"0":0,"1":0},"b":{"0":[0]}}
,"/home/lubos/code/onyx-ui/src/context/index.ts": {"path":"/home/lubos/code/onyx-ui/src/context/index.ts","statementMap":{"0":{"start":{"line":1,"column":0},"end":{"line":1,"column":9}},"1":{"start":{"line":1,"column":9},"end":{"line":1,"column":27}},"2":{"start":{"line":1,"column":27},"end":{"line":1,"column":75}},"3":{"start":{"line":2,"column":0},"end":{"line":2,"column":null}},"4":{"start":{"line":3,"column":2},"end":{"line":3,"column":null}},"5":{"start":{"line":4,"column":2},"end":{"line":4,"column":null}},"6":{"start":{"line":6,"column":0},"end":{"line":6,"column":9}},"7":{"start":{"line":6,"column":9},"end":{"line":6,"column":27}},"8":{"start":{"line":6,"column":27},"end":{"line":6,"column":75}}},"fnMap":{"0":{"name":"(anonymous_0)","decl":{"start":{"line":1,"column":9},"end":{"line":1,"column":25}},"loc":{"start":{"line":1,"column":9},"end":{"line":1,"column":27}}},"1":{"name":"(anonymous_1)","decl":{"start":{"line":1,"column":27},"end":{"line":1,"column":48}},"loc":{"start":{"line":1,"column":27},"end":{"line":1,"column":75}}},"2":{"name":"(anonymous_2)","decl":{"start":{"line":3,"column":2},"end":{"line":3,"column":20}},"loc":{"start":{"line":3,"column":2},"end":{"line":3,"column":null}}},"3":{"name":"(anonymous_3)","decl":{"start":{"line":4,"column":2},"end":{"line":4,"column":25}},"loc":{"start":{"line":4,"column":2},"end":{"line":4,"column":null}}},"4":{"name":"(anonymous_4)","decl":{"start":{"line":6,"column":9},"end":{"line":6,"column":25}},"loc":{"start":{"line":6,"column":9},"end":{"line":6,"column":27}}},"5":{"name":"(anonymous_5)","decl":{"start":{"line":6,"column":27},"end":{"line":6,"column":48}},"loc":{"start":{"line":6,"column":27},"end":{"line":6,"column":75}}}},"branchMap":{},"s":{"0":6,"1":25,"2":14,"3":6,"4":6,"5":6,"6":6,"7":6,"8":6},"f":{"0":19,"1":8,"2":0,"3":0,"4":0,"5":0},"b":{}}
,"/home/lubos/code/onyx-ui/src/hooks/index.ts": {"path":"/home/lubos/code/onyx-ui/src/hooks/index.ts","statementMap":{"0":{"start":{"line":1,"column":0},"end":{"line":1,"column":9}},"1":{"start":{"line":1,"column":9},"end":{"line":1,"column":35}}},"fnMap":{"0":{"name":"(anonymous_1)","decl":{"start":{"line":1,"column":9},"end":{"line":1,"column":16}},"loc":{"start":{"line":1,"column":9},"end":{"line":1,"column":35}}}},"branchMap":{},"s":{"0":6,"1":14},"f":{"0":8},"b":{}}
,"/home/lubos/code/onyx-ui/src/hooks/use-click-outside.ts": {"path":"/home/lubos/code/onyx-ui/src/hooks/use-click-outside.ts","statementMap":{"0":{"start":{"line":1,"column":0},"end":{"line":1,"column":45}},"1":{"start":{"line":7,"column":2},"end":{"line":18,"column":22}},"2":{"start":{"line":8,"column":31},"end":{"line":12,"column":5}},"3":{"start":{"line":9,"column":6},"end":{"line":11,"column":7}},"4":{"start":{"line":10,"column":8},"end":{"line":10,"column":19}},"5":{"start":{"line":14,"column":4},"end":{"line":14,"column":61}},"6":{"start":{"line":15,"column":4},"end":{"line":17,"column":6}},"7":{"start":{"line":16,"column":6},"end":{"line":16,"column":66}},"8":{"start":{"line":21,"column":0},"end":{"line":21,"column":31}}},"fnMap":{"0":{"name":"useClickOutside","decl":{"start":{"line":3,"column":9},"end":{"line":3,"column":24}},"loc":{"start":{"line":5,"column":22},"end":{"line":19,"column":1}}},"1":{"name":"(anonymous_1)","decl":{"start":{"line":7,"column":12},"end":{"line":7,"column":15}},"loc":{"start":{"line":7,"column":17},"end":{"line":18,"column":3}}},"2":{"name":"(anonymous_2)","decl":{"start":{"line":8,"column":31},"end":{"line":8,"column":32}},"loc":{"start":{"line":8,"column":46},"end":{"line":12,"column":5}}},"3":{"name":"(anonymous_3)","decl":{"start":{"line":15,"column":11},"end":{"line":15,"column":14}},"loc":{"start":{"line":15,"column":16},"end":{"line":17,"column":5}}}},"branchMap":{"0":{"loc":{"start":{"line":9,"column":6},"end":{"line":11,"column":7}},"type":"if","locations":[{"start":{"line":9,"column":6},"end":{"line":11,"column":7}}]},"1":{"loc":{"start":{"line":9,"column":10},"end":{"line":9,"column":60}},"type":"binary-expr","locations":[{"start":{"line":9,"column":10},"end":{"line":9,"column":21}},{"start":{"line":9,"column":25},"end":{"line":9,"column":60}}]}},"s":{"0":6,"1":8,"2":7,"3":0,"4":0,"5":7,"6":7,"7":7,"8":6},"f":{"0":8,"1":7,"2":0,"3":7},"b":{"0":[0],"1":[0,0]}}
}
