TN:
SF:src/components/index.ts
FNF:0
FNH:0
DA:1,6
LF:1
LH:1
BRF:0
BRH:0
end_of_record
TN:
SF:src/components/core/index.ts
FNF:0
FNH:0
DA:1,6
DA:2,6
DA:3,6
DA:4,6
DA:5,6
DA:6,6
DA:7,6
DA:8,6
DA:9,6
DA:10,6
DA:11,6
DA:12,6
LF:12
LH:12
BRF:0
BRH:0
end_of_record
TN:
SF:src/components/core/badge/badge.tsx
FN:4,(anonymous_7)
FNF:1
FNH:0
FNDA:0,(anonymous_7)
DA:1,6
DA:2,6
DA:4,6
DA:5,0
DA:10,0
DA:17,6
DA:19,6
LF:7
LH:5
BRF:0
BRH:0
end_of_record
TN:
SF:src/components/core/badge/index.ts
FN:2,(anonymous_1)
FN:3,(anonymous_2)
FNF:2
FNH:0
FNDA:0,(anonymous_1)
FNDA:0,(anonymous_2)
DA:2,6
DA:3,6
LF:2
LH:2
BRF:0
BRH:0
end_of_record
TN:
SF:src/components/core/badge/use-badge.ts
FN:12,(anonymous_1)
FN:25,(anonymous_2)
FN:40,(anonymous_3)
FNF:3
FNH:0
FNDA:0,(anonymous_1)
FNDA:0,(anonymous_2)
FNDA:0,(anonymous_3)
DA:1,6
DA:2,6
DA:12,6
DA:19,0
DA:20,0
DA:22,0
DA:24,0
DA:26,0
DA:39,0
DA:41,0
DA:49,0
DA:52,6
LF:12
LH:4
BRDA:17,0,0,0
BRDA:18,1,0,0
BRDA:22,2,0,0
BRDA:22,2,1,0
BRDA:40,3,0,0
BRF:5
BRH:0
end_of_record
TN:
SF:src/components/core/button/button-group.tsx
FN:4,(anonymous_1)
FNF:1
FNH:1
FNDA:2,(anonymous_1)
DA:1,6
DA:2,6
DA:4,6
DA:5,2
DA:6,2
DA:9,6
DA:11,6
LF:7
LH:7
BRF:0
BRH:0
end_of_record
TN:
SF:src/components/core/button/button.tsx
FN:4,(anonymous_7)
FNF:1
FNH:1
FNDA:21,(anonymous_7)
DA:1,6
DA:2,6
DA:4,6
DA:13,21
DA:15,21
DA:24,6
DA:26,6
LF:7
LH:7
BRDA:17,0,0,1
BRDA:17,0,1,20
BRF:2
BRH:2
end_of_record
TN:
SF:src/components/core/button/index.ts
FN:1,(anonymous_1)
FN:2,(anonymous_2)
FN:3,(anonymous_3)
FN:5,(anonymous_4)
FNF:4
FNH:2
FNDA:20,(anonymous_1)
FNDA:0,(anonymous_2)
FNDA:2,(anonymous_3)
FNDA:0,(anonymous_4)
DA:1,26
DA:2,6
DA:3,8
DA:4,6
DA:5,6
LF:5
LH:5
BRF:0
BRH:0
end_of_record
TN:
SF:src/components/core/button/use-button-group.ts
FN:12,useButtonGroup
FN:17,(anonymous_9)
FN:22,(anonymous_10)
FN:24,(anonymous_11)
FN:35,(anonymous_12)
FN:39,(anonymous_13)
FNF:6
FNH:6
FNDA:2,useButtonGroup
FNDA:4,(anonymous_9)
FNDA:2,(anonymous_10)
FNDA:4,(anonymous_11)
FNDA:2,(anonymous_12)
FNDA:2,(anonymous_13)
DA:1,6
DA:3,6
DA:4,6
DA:13,2
DA:15,2
DA:17,2
DA:18,4
DA:22,2
DA:23,2
DA:24,2
DA:25,4
DA:26,4
DA:32,2
DA:35,2
DA:36,2
DA:39,2
DA:40,2
DA:48,2
DA:51,6
LF:19
LH:19
BRDA:15,0,0,2
BRDA:15,0,1,2
BRDA:18,1,0,4
BRDA:18,2,0,4
BRDA:18,2,1,4
BRDA:25,3,0,4
BRDA:25,4,0,4
BRDA:25,4,1,4
BRDA:39,5,0,2
BRF:9
BRH:9
end_of_record
TN:
SF:src/components/core/button/use-button.ts
FN:29,useButton
FN:54,(anonymous_2)
FN:103,(anonymous_3)
FN:118,(anonymous_4)
FNF:4
FNH:4
FNDA:21,useButton
FNDA:19,(anonymous_2)
FNDA:42,(anonymous_3)
FNDA:21,(anonymous_4)
DA:1,6
DA:2,6
DA:46,21
DA:47,21
DA:49,21
DA:51,21
DA:52,21
DA:54,21
DA:55,19
DA:103,21
DA:104,42
DA:114,21
DA:115,21
DA:117,21
DA:118,21
DA:129,21
DA:140,6
LF:17
LH:17
BRDA:33,0,0,21
BRDA:34,1,0,17
BRDA:35,2,0,18
BRDA:38,3,0,20
BRDA:39,4,0,20
BRDA:40,5,0,14
BRDA:41,6,0,17
BRDA:42,7,0,21
BRDA:49,8,0,21
BRDA:49,8,1,21
BRDA:51,9,0,21
BRDA:51,9,1,20
BRDA:52,10,0,2
BRDA:52,10,1,19
BRDA:63,11,0,19
BRDA:63,11,1,1
BRDA:64,12,0,19
BRDA:64,12,1,17
BRDA:65,13,0,19
BRDA:65,13,1,1
BRDA:75,14,0,19
BRDA:75,14,1,4
BRDA:77,15,0,19
BRDA:77,15,1,4
BRDA:87,16,0,19
BRDA:87,16,1,0
BRDA:89,17,0,19
BRDA:89,17,1,0
BRDA:92,18,0,19
BRDA:92,18,1,0
BRDA:94,19,0,19
BRDA:94,19,1,0
BRDA:104,20,0,2
BRDA:104,20,1,40
BRDA:118,21,0,21
BRF:35
BRH:31
end_of_record
TN:
SF:src/components/core/checkbox/checkbox.tsx
FN:7,(anonymous_7)
FNF:1
FNH:1
FNDA:19,(anonymous_7)
DA:1,6
DA:2,6
DA:3,6
DA:4,6
DA:6,6
DA:19,19
DA:24,19
DA:61,6
DA:63,6
LF:9
LH:9
BRDA:46,0,0,19
BRDA:46,0,1,7
BRDA:49,1,0,19
BRDA:49,1,1,1
BRDA:52,2,0,19
BRDA:52,2,1,1
BRDA:54,3,0,19
BRDA:54,3,1,1
BRF:8
BRH:8
end_of_record
TN:
SF:src/components/core/checkbox/index.ts
FN:1,(anonymous_1)
FN:2,(anonymous_2)
FNF:2
FNH:1
FNDA:12,(anonymous_1)
FNDA:0,(anonymous_2)
DA:1,18
DA:2,6
LF:2
LH:2
BRF:0
BRH:0
end_of_record
TN:
SF:src/components/core/checkbox/use-checkbox.ts
FN:17,useCheckbox
FN:38,(anonymous_2)
FN:50,(anonymous_3)
FN:57,(anonymous_4)
FN:64,(anonymous_5)
FN:72,(anonymous_6)
FNF:6
FNH:4
FNDA:19,useCheckbox
FNDA:12,(anonymous_2)
FNDA:0,(anonymous_3)
FNDA:0,(anonymous_4)
FNDA:7,(anonymous_5)
FNDA:19,(anonymous_6)
DA:1,6
DA:2,6
DA:29,19
DA:30,19
DA:32,19
DA:33,19
DA:34,19
DA:36,19
DA:38,19
DA:39,12
DA:40,12
DA:42,5
DA:43,4
DA:48,19
DA:50,19
DA:51,0
DA:52,0
DA:53,0
DA:57,19
DA:58,0
DA:59,0
DA:60,0
DA:64,19
DA:65,7
DA:66,7
DA:69,19
DA:71,19
DA:72,19
DA:89,19
DA:104,6
LF:30
LH:24
BRDA:36,0,0,19
BRDA:36,0,1,18
BRDA:36,0,2,3
BRDA:40,1,0,5
BRDA:40,2,0,12
BRDA:40,2,1,5
BRDA:42,3,0,4
BRDA:48,4,0,19
BRDA:48,4,1,19
BRDA:52,5,0,0
BRDA:59,6,0,0
BRDA:65,7,0,6
BRDA:65,7,1,1
BRDA:65,8,0,7
BRDA:65,8,1,7
BRDA:72,9,0,19
BRF:16
BRH:14
end_of_record
TN:
SF:src/components/core/dialog/dialog.tsx
FN:15,(anonymous_1)
FN:20,(anonymous_2)
FN:32,(anonymous_3)
FN:36,(anonymous_4)
FN:103,(anonymous_5)
FNF:5
FNH:5
FNDA:8,(anonymous_1)
FNDA:2,(anonymous_2)
FNDA:4,(anonymous_3)
FNDA:11,(anonymous_4)
FNDA:9,(anonymous_5)
DA:1,6
DA:3,6
DA:4,6
DA:5,6
DA:6,6
DA:7,6
DA:8,6
DA:9,6
DA:15,6
DA:16,8
DA:17,4
DA:21,2
DA:22,2
DA:29,6
DA:32,6
DA:33,4
DA:36,6
DA:40,11
DA:41,7
DA:103,6
DA:104,9
DA:105,8
DA:108,6
DA:110,6
LF:24
LH:24
BRDA:22,0,0,1
BRDA:22,0,1,1
BRDA:22,1,0,2
BRDA:22,1,1,2
BRDA:43,2,0,7
BRDA:43,2,1,4
BRDA:76,3,0,4
BRDA:76,3,1,4
BRDA:76,3,2,0
BRF:9
BRH:8
end_of_record
TN:
SF:src/components/core/dialog/index.ts
FN:2,(anonymous_1)
FN:3,(anonymous_2)
FN:4,(anonymous_3)
FN:5,(anonymous_4)
FN:7,(anonymous_5)
FNF:5
FNH:4
FNDA:4,(anonymous_1)
FNDA:5,(anonymous_2)
FNDA:5,(anonymous_3)
FNDA:3,(anonymous_4)
FNDA:0,(anonymous_5)
DA:1,6
DA:2,10
DA:3,11
DA:4,11
DA:5,9
DA:7,6
LF:6
LH:6
BRF:0
BRH:0
end_of_record
TN:
SF:src/components/core/dialog/use-dialog.ts
FN:15,useDialog
FN:31,(anonymous_2)
FN:39,(anonymous_3)
FN:45,(anonymous_4)
FN:51,(anonymous_5)
FN:63,(anonymous_6)
FNF:6
FNH:5
FNDA:9,useDialog
FNDA:1,(anonymous_2)
FNDA:0,(anonymous_3)
FNDA:4,(anonymous_4)
FNDA:7,(anonymous_5)
FNDA:4,(anonymous_6)
DA:1,6
DA:3,6
DA:23,8
DA:24,9
DA:26,8
DA:28,8
DA:29,8
DA:31,8
DA:32,1
DA:33,0
DA:35,1
DA:39,8
DA:40,0
DA:41,0
DA:45,8
DA:46,4
DA:47,2
DA:51,8
DA:52,7
DA:53,4
DA:56,4
DA:57,4
DA:62,8
DA:64,4
DA:76,8
DA:87,6
LF:26
LH:23
BRDA:32,0,0,0
BRDA:32,0,1,1
BRDA:40,1,0,0
BRDA:40,2,0,0
BRDA:40,2,1,0
BRDA:46,3,0,2
BRDA:52,4,0,4
BRDA:53,5,0,0
BRDA:53,5,1,4
BRDA:53,6,0,4
BRDA:53,6,1,4
BRDA:56,7,0,4
BRDA:56,8,0,0
BRDA:56,8,1,4
BRDA:56,9,0,4
BRDA:56,9,1,4
BRDA:57,10,0,0
BRDA:57,10,1,4
BRDA:63,11,0,4
BRF:19
BRH:12
end_of_record
TN:
SF:src/components/core/drawer/drawer.tsx
FN:11,(anonymous_2)
FN:18,(anonymous_3)
FN:20,(anonymous_4)
FN:32,(anonymous_5)
FN:59,(anonymous_6)
FN:73,(anonymous_7)
FNF:6
FNH:0
FNDA:0,(anonymous_2)
FNDA:0,(anonymous_3)
FNDA:0,(anonymous_4)
FNDA:0,(anonymous_5)
FNDA:0,(anonymous_6)
FNDA:0,(anonymous_7)
DA:1,6
DA:3,6
DA:4,6
DA:5,6
DA:6,6
DA:7,6
DA:9,6
DA:11,6
DA:12,0
DA:13,0
DA:19,0
DA:20,0
DA:32,6
DA:37,0
DA:39,0
DA:59,0
DA:73,6
DA:74,0
DA:76,0
DA:83,6
LF:20
LH:11
BRDA:15,0,0,0
BRDA:15,0,1,0
BRDA:19,1,0,0
BRDA:19,1,1,0
BRDA:19,2,0,0
BRDA:19,2,1,0
BRDA:41,3,0,0
BRDA:41,3,1,0
BRF:8
BRH:0
end_of_record
TN:
SF:src/components/core/drawer/index.ts
FN:2,(anonymous_1)
FN:3,(anonymous_2)
FN:3,(anonymous_3)
FN:3,(anonymous_4)
FNF:4
FNH:0
FNDA:0,(anonymous_1)
FNDA:0,(anonymous_2)
FNDA:0,(anonymous_3)
FNDA:0,(anonymous_4)
DA:2,6
DA:3,6
LF:2
LH:2
BRF:0
BRH:0
end_of_record
TN:
SF:src/components/core/drawer/use-drawer.ts
FN:16,useDrawer
FN:23,(anonymous_1)
FN:31,(anonymous_2)
FN:43,(anonymous_3)
FNF:4
FNH:0
FNDA:0,useDrawer
FNDA:0,(anonymous_1)
FNDA:0,(anonymous_2)
FNDA:0,(anonymous_3)
DA:1,6
DA:2,6
DA:3,6
DA:17,0
DA:19,0
DA:21,0
DA:23,0
DA:24,0
DA:25,0
DA:26,0
DA:30,0
DA:31,0
DA:42,0
DA:43,0
DA:53,0
DA:63,6
LF:16
LH:4
BRDA:24,0,0,0
BRDA:25,1,0,0
BRDA:25,1,1,0
BRDA:25,2,0,0
BRDA:25,2,1,0
BRDA:31,3,0,0
BRDA:43,4,0,0
BRF:7
BRH:0
end_of_record
TN:
SF:src/components/core/dropdown/dropdown-item.tsx
FN:4,(anonymous_1)
FNF:1
FNH:0
FNDA:0,(anonymous_1)
DA:1,6
DA:2,6
DA:4,6
DA:5,0
DA:6,0
DA:16,6
LF:6
LH:4
BRF:0
BRH:0
end_of_record
TN:
SF:src/components/core/dropdown/dropdown-separator.tsx
FN:3,(anonymous_1)
FNF:1
FNH:0
FNDA:0,(anonymous_1)
DA:1,6
DA:3,6
DA:4,0
DA:7,6
LF:4
LH:3
BRF:0
BRH:0
end_of_record
TN:
SF:src/components/core/dropdown/dropdown.tsx
FN:10,(anonymous_2)
FN:15,(anonymous_3)
FN:16,(anonymous_4)
FN:30,(anonymous_5)
FN:53,(anonymous_6)
FN:53,(anonymous_7)
FN:71,(anonymous_8)
FNF:7
FNH:0
FNDA:0,(anonymous_2)
FNDA:0,(anonymous_3)
FNDA:0,(anonymous_4)
FNDA:0,(anonymous_5)
FNDA:0,(anonymous_6)
FNDA:0,(anonymous_7)
FNDA:0,(anonymous_8)
DA:1,6
DA:2,6
DA:3,6
DA:4,6
DA:5,6
DA:6,6
DA:8,6
DA:10,6
DA:11,0
DA:12,0
DA:16,0
DA:17,0
DA:24,6
DA:30,6
DA:31,0
DA:32,0
DA:53,0
DA:71,6
DA:72,0
DA:73,0
DA:80,6
LF:21
LH:12
BRDA:17,0,0,0
BRDA:17,0,1,0
BRDA:17,1,0,0
BRDA:17,1,1,0
BRDA:30,2,0,0
BRDA:34,3,0,0
BRDA:34,3,1,0
BRDA:48,4,0,0
BRDA:48,4,1,0
BRDA:60,5,0,0
BRDA:60,5,1,0
BRF:11
BRH:0
end_of_record
TN:
SF:src/components/core/dropdown/index.ts
FN:2,(anonymous_1)
FN:3,(anonymous_2)
FN:4,(anonymous_3)
FN:6,(anonymous_4)
FN:7,(anonymous_5)
FN:9,(anonymous_6)
FN:12,(anonymous_7)
FNF:7
FNH:0
FNDA:0,(anonymous_1)
FNDA:0,(anonymous_2)
FNDA:0,(anonymous_3)
FNDA:0,(anonymous_4)
FNDA:0,(anonymous_5)
FNDA:0,(anonymous_6)
FNDA:0,(anonymous_7)
DA:1,6
DA:2,6
DA:3,6
DA:4,6
DA:6,6
DA:7,6
DA:8,6
DA:9,6
DA:12,6
LF:9
LH:9
BRF:0
BRH:0
end_of_record
TN:
SF:src/components/core/dropdown/use-dropdown-item.ts
FN:13,useDropdownItem
FN:27,(anonymous_2)
FN:42,(anonymous_3)
FN:45,(anonymous_4)
FNF:4
FNH:0
FNDA:0,useDropdownItem
FNDA:0,(anonymous_2)
FNDA:0,(anonymous_3)
FNDA:0,(anonymous_4)
DA:1,6
DA:2,6
DA:3,6
DA:21,0
DA:22,0
DA:24,0
DA:26,0
DA:28,0
DA:39,0
DA:41,0
DA:42,0
DA:46,0
DA:47,0
DA:55,0
DA:63,6
LF:15
LH:4
BRDA:18,0,0,0
BRDA:42,1,0,0
BRDA:46,2,0,0
BRDA:46,2,1,0
BRDA:46,3,0,0
BRDA:46,3,1,0
BRF:6
BRH:0
end_of_record
TN:
SF:src/components/core/dropdown/use-dropdown.ts
FN:11,useDropdown
FN:17,(anonymous_1)
FN:19,(anonymous_2)
FNF:3
FNH:0
FNDA:0,useDropdown
FNDA:0,(anonymous_1)
FNDA:0,(anonymous_2)
DA:1,6
DA:2,6
DA:3,6
DA:12,0
DA:14,0
DA:15,0
DA:17,0
DA:18,0
DA:19,0
DA:23,0
DA:26,6
LF:11
LH:4
BRDA:18,0,0,0
BRF:1
BRH:0
end_of_record
TN:
SF:src/components/core/input/index.ts
FN:1,(anonymous_1)
FN:2,(anonymous_2)
FNF:2
FNH:1
FNDA:13,(anonymous_1)
FNDA:0,(anonymous_2)
DA:1,19
DA:2,6
LF:2
LH:2
BRF:0
BRH:0
end_of_record
TN:
SF:src/components/core/input/input.tsx
FN:5,(anonymous_7)
FNF:1
FNH:1
FNDA:20,(anonymous_7)
DA:1,6
DA:2,6
DA:3,6
DA:5,6
DA:24,20
DA:30,20
DA:60,6
DA:62,6
LF:8
LH:8
BRDA:26,0,0,20
BRDA:26,0,1,15
BRDA:32,1,0,20
BRDA:32,1,1,5
BRDA:35,2,0,5
BRDA:35,2,1,1
BRDA:38,3,0,5
BRDA:38,3,1,1
BRDA:44,4,0,4
BRDA:44,4,1,16
BRDA:44,5,0,20
BRDA:44,5,1,11
BRDA:53,6,0,20
BRDA:53,6,1,2
BRF:14
BRH:14
end_of_record
TN:
SF:src/components/core/input/use-input.ts
FN:24,useInput
FN:58,(anonymous_2)
FN:66,(anonymous_3)
FN:80,(anonymous_4)
FN:83,(anonymous_5)
FN:89,(anonymous_6)
FN:93,(anonymous_7)
FN:102,(anonymous_8)
FN:108,(anonymous_9)
FN:111,(anonymous_10)
FN:121,(anonymous_11)
FN:132,(anonymous_12)
FNF:12
FNH:10
FNDA:20,useInput
FNDA:13,(anonymous_2)
FNDA:6,(anonymous_3)
FNDA:0,(anonymous_4)
FNDA:6,(anonymous_5)
FNDA:6,(anonymous_6)
FNDA:3,(anonymous_7)
FNDA:20,(anonymous_8)
FNDA:3,(anonymous_9)
FNDA:0,(anonymous_10)
FNDA:20,(anonymous_11)
FNDA:3,(anonymous_12)
DA:1,6
DA:2,6
DA:3,6
DA:44,20
DA:45,20
DA:47,20
DA:49,20
DA:50,20
DA:52,20
DA:54,20
DA:56,20
DA:58,20
DA:59,13
DA:66,20
DA:67,6
DA:68,4
DA:71,6
DA:72,0
DA:75,6
DA:78,20
DA:81,0
DA:84,6
DA:89,20
DA:90,6
DA:93,20
DA:94,3
DA:95,3
DA:96,3
DA:97,3
DA:101,20
DA:103,20
DA:109,3
DA:111,0
DA:120,20
DA:122,20
DA:133,3
DA:134,3
DA:142,20
DA:143,20
DA:144,20
DA:146,20
DA:167,6
LF:42
LH:39
BRDA:32,0,0,9
BRDA:33,1,0,20
BRDA:35,2,0,20
BRDA:36,3,0,20
BRDA:37,4,0,19
BRDA:52,5,0,20
BRDA:52,5,1,20
BRDA:54,6,0,20
BRDA:54,6,1,20
BRDA:56,7,0,20
BRDA:56,7,1,19
BRDA:56,7,2,4
BRDA:67,8,0,4
BRDA:67,9,0,6
BRDA:67,9,1,6
BRDA:67,9,2,6
BRDA:71,10,0,0
BRDA:75,11,0,5
BRDA:75,11,1,1
BRDA:75,12,0,6
BRDA:75,12,1,6
BRDA:79,13,0,0
BRDA:79,13,1,20
BRDA:94,14,0,3
BRDA:94,15,0,0
BRDA:94,15,1,3
BRDA:94,16,0,3
BRDA:94,16,1,3
BRDA:97,17,0,2
BRDA:97,17,1,1
BRDA:97,18,0,3
BRDA:97,18,1,3
BRDA:102,19,0,20
BRDA:109,20,0,3
BRDA:109,20,1,3
BRDA:110,21,0,0
BRDA:110,21,1,3
BRDA:110,22,0,3
BRDA:110,22,1,3
BRDA:111,23,0,0
BRDA:111,23,1,0
BRDA:111,24,0,0
BRDA:111,24,1,0
BRDA:112,25,0,0
BRDA:112,25,1,20
BRDA:121,26,0,20
BRDA:133,27,0,0
BRDA:133,27,1,3
BRDA:133,28,0,3
BRDA:133,28,1,3
BRDA:134,29,0,0
BRDA:134,29,1,3
BRDA:134,30,0,3
BRDA:134,30,1,3
BRF:54
BRH:43
end_of_record
TN:
SF:src/components/core/select/index.ts
FN:1,(anonymous_1)
FN:2,(anonymous_2)
FNF:2
FNH:0
FNDA:0,(anonymous_1)
FNDA:0,(anonymous_2)
DA:1,6
DA:2,6
LF:2
LH:2
BRF:0
BRH:0
end_of_record
TN:
SF:src/components/core/select/select.tsx
FN:7,(anonymous_7)
FN:71,(anonymous_8)
FN:75,(anonymous_9)
FNF:3
FNH:0
FNDA:0,(anonymous_7)
FNDA:0,(anonymous_8)
FNDA:0,(anonymous_9)
DA:1,6
DA:2,6
DA:3,6
DA:4,6
DA:5,6
DA:7,6
DA:27,0
DA:29,0
DA:72,0
DA:75,0
DA:93,6
DA:95,6
LF:12
LH:8
BRDA:31,0,0,0
BRDA:31,0,1,0
BRDA:34,1,0,0
BRDA:34,1,1,0
BRDA:37,2,0,0
BRDA:37,2,1,0
BRDA:50,3,0,0
BRDA:50,3,1,0
BRDA:54,4,0,0
BRDA:54,4,1,0
BRDA:63,5,0,0
BRDA:63,5,1,0
BRDA:71,6,0,0
BRDA:71,6,1,0
BRDA:71,7,0,0
BRDA:71,7,1,0
BRDA:86,8,0,0
BRDA:86,8,1,0
BRF:18
BRH:0
end_of_record
TN:
SF:src/components/core/select/use-select.tsx
FN:30,useSelect
FN:49,(anonymous_2)
FN:59,(anonymous_3)
FN:67,(anonymous_4)
FN:77,(anonymous_5)
FN:78,(anonymous_6)
FN:82,(anonymous_7)
FN:88,(anonymous_8)
FN:95,(anonymous_9)
FNF:9
FNH:0
FNDA:0,useSelect
FNDA:0,(anonymous_2)
FNDA:0,(anonymous_3)
FNDA:0,(anonymous_4)
FNDA:0,(anonymous_5)
FNDA:0,(anonymous_6)
FNDA:0,(anonymous_7)
FNDA:0,(anonymous_8)
FNDA:0,(anonymous_9)
DA:1,6
DA:9,6
DA:10,6
DA:49,0
DA:50,0
DA:51,0
DA:53,0
DA:54,0
DA:56,0
DA:57,0
DA:59,0
DA:60,0
DA:63,0
DA:65,0
DA:67,0
DA:68,0
DA:74,0
DA:75,0
DA:77,0
DA:78,0
DA:79,0
DA:82,0
DA:83,0
DA:84,0
DA:85,0
DA:88,0
DA:89,0
DA:90,0
DA:94,0
DA:95,0
DA:109,0
DA:131,6
LF:32
LH:4
BRDA:46,0,0,0
BRDA:49,1,0,0
BRDA:57,2,0,0
BRDA:57,2,1,0
BRDA:60,3,0,0
BRDA:63,4,0,0
BRDA:63,4,1,0
BRDA:65,5,0,0
BRDA:65,5,1,0
BRDA:65,5,2,0
BRDA:79,6,0,0
BRDA:79,6,1,0
BRDA:79,7,0,0
BRDA:79,7,1,0
BRDA:85,8,0,0
BRDA:85,8,1,0
BRDA:85,9,0,0
BRDA:85,9,1,0
BRDA:89,10,0,0
BRDA:95,11,0,0
BRDA:102,12,0,0
BRDA:102,12,1,0
BRF:22
BRH:0
end_of_record
TN:
SF:src/components/core/switch/index.ts
FN:1,(anonymous_1)
FN:2,(anonymous_2)
FNF:2
FNH:1
FNDA:12,(anonymous_1)
FNDA:0,(anonymous_2)
DA:1,18
DA:2,6
LF:2
LH:2
BRF:0
BRH:0
end_of_record
TN:
SF:src/components/core/switch/switch.tsx
FN:5,(anonymous_7)
FN:22,(anonymous_8)
FNF:2
FNH:2
FNDA:19,(anonymous_7)
FNDA:10,(anonymous_8)
DA:1,6
DA:2,6
DA:3,6
DA:5,6
DA:17,19
DA:22,19
DA:23,10
DA:34,19
DA:56,6
LF:9
LH:9
BRDA:26,0,0,10
BRDA:26,0,1,1
BRDA:29,1,0,10
BRDA:29,1,1,1
BRDA:38,2,0,19
BRDA:38,2,1,0
BRDA:49,3,0,19
BRDA:49,3,1,19
BRDA:51,4,0,19
BRDA:51,4,1,1
BRF:10
BRH:9
end_of_record
TN:
SF:src/components/core/switch/use-switch.ts
FN:25,useSwitch
FN:51,(anonymous_2)
FN:60,(anonymous_3)
FN:65,(anonymous_4)
FN:72,(anonymous_5)
FN:79,(anonymous_6)
FN:90,(anonymous_7)
FNF:7
FNH:5
FNDA:19,useSwitch
FNDA:12,(anonymous_2)
FNDA:7,(anonymous_3)
FNDA:0,(anonymous_4)
FNDA:0,(anonymous_5)
FNDA:17,(anonymous_6)
FNDA:19,(anonymous_7)
DA:1,6
DA:9,6
DA:38,19
DA:39,19
DA:41,19
DA:42,19
DA:43,19
DA:45,19
DA:47,19
DA:49,19
DA:51,19
DA:52,12
DA:53,12
DA:54,5
DA:55,4
DA:60,19
DA:61,7
DA:62,7
DA:65,19
DA:66,0
DA:67,0
DA:68,0
DA:72,19
DA:73,0
DA:74,0
DA:75,0
DA:79,19
DA:80,17
DA:89,19
DA:90,19
DA:106,19
DA:121,6
LF:32
LH:26
BRDA:33,0,0,19
BRDA:45,1,0,19
BRDA:45,1,1,19
BRDA:49,2,0,19
BRDA:49,2,1,18
BRDA:49,2,2,3
BRDA:53,3,0,5
BRDA:53,4,0,12
BRDA:53,4,1,5
BRDA:54,5,0,4
BRDA:61,6,0,6
BRDA:61,6,1,1
BRDA:61,7,0,7
BRDA:61,7,1,7
BRDA:67,8,0,0
BRDA:74,9,0,0
BRDA:90,10,0,19
BRF:17
BRH:15
end_of_record
TN:
SF:src/components/core/tag-input/index.ts
FN:2,(anonymous_1)
FN:3,(anonymous_2)
FNF:2
FNH:0
FNDA:0,(anonymous_1)
FNDA:0,(anonymous_2)
DA:2,6
DA:3,6
LF:2
LH:2
BRF:0
BRH:0
end_of_record
TN:
SF:src/components/core/tag-input/tag-input.tsx
FN:8,(anonymous_1)
FN:49,(anonymous_2)
FNF:2
FNH:0
FNDA:0,(anonymous_1)
FNDA:0,(anonymous_2)
DA:1,6
DA:2,6
DA:3,6
DA:4,6
DA:5,6
DA:7,6
DA:30,0
DA:36,0
DA:50,0
DA:88,6
DA:90,6
LF:11
LH:8
BRDA:32,0,0,0
BRDA:32,0,1,0
BRDA:38,1,0,0
BRDA:38,1,1,0
BRDA:41,2,0,0
BRDA:41,2,1,0
BRDA:44,3,0,0
BRDA:44,3,1,0
BRDA:67,4,0,0
BRDA:67,4,1,0
BRDA:67,5,0,0
BRDA:67,5,1,0
BRDA:80,6,0,0
BRDA:80,6,1,0
BRF:14
BRH:0
end_of_record
TN:
SF:src/components/core/tag-input/use-tag-input.ts
FN:35,useTagInput
FN:72,(anonymous_2)
FN:81,(anonymous_3)
FN:87,(anonymous_4)
FN:91,(anonymous_5)
FN:102,(anonymous_6)
FN:110,(anonymous_7)
FN:111,(anonymous_8)
FN:123,(anonymous_9)
FN:124,(anonymous_10)
FN:125,(anonymous_11)
FN:137,(anonymous_12)
FN:144,(anonymous_13)
FN:147,(anonymous_14)
FN:158,(anonymous_15)
FN:169,(anonymous_16)
FN:180,(anonymous_17)
FN:182,(anonymous_18)
FNF:18
FNH:0
FNDA:0,useTagInput
FNDA:0,(anonymous_2)
FNDA:0,(anonymous_3)
FNDA:0,(anonymous_4)
FNDA:0,(anonymous_5)
FNDA:0,(anonymous_6)
FNDA:0,(anonymous_7)
FNDA:0,(anonymous_8)
FNDA:0,(anonymous_9)
FNDA:0,(anonymous_10)
FNDA:0,(anonymous_11)
FNDA:0,(anonymous_12)
FNDA:0,(anonymous_13)
FNDA:0,(anonymous_14)
FNDA:0,(anonymous_15)
FNDA:0,(anonymous_16)
FNDA:0,(anonymous_17)
FNDA:0,(anonymous_18)
DA:1,6
DA:2,6
DA:3,6
DA:57,0
DA:58,0
DA:60,0
DA:61,0
DA:63,0
DA:64,0
DA:66,0
DA:68,0
DA:70,0
DA:72,0
DA:73,0
DA:80,0
DA:82,0
DA:87,0
DA:88,0
DA:91,0
DA:92,0
DA:93,0
DA:94,0
DA:97,0
DA:98,0
DA:99,0
DA:102,0
DA:103,0
DA:104,0
DA:105,0
DA:106,0
DA:110,0
DA:111,0
DA:112,0
DA:113,0
DA:115,0
DA:116,0
DA:119,0
DA:123,0
DA:124,0
DA:125,0
DA:126,0
DA:128,0
DA:129,0
DA:132,0
DA:136,0
DA:138,0
DA:145,0
DA:147,0
DA:157,0
DA:159,0
DA:170,0
DA:171,0
DA:179,0
DA:180,0
DA:182,0
DA:188,0
DA:189,0
DA:190,0
DA:192,0
DA:217,6
LF:60
LH:4
BRDA:43,0,0,0
BRDA:44,1,0,0
BRDA:46,2,0,0
BRDA:47,3,0,0
BRDA:66,4,0,0
BRDA:66,4,1,0
BRDA:68,5,0,0
BRDA:68,5,1,0
BRDA:70,6,0,0
BRDA:70,6,1,0
BRDA:70,6,2,0
BRDA:82,7,0,0
BRDA:82,7,1,0
BRDA:82,8,0,0
BRDA:82,8,1,0
BRDA:92,9,0,0
BRDA:92,10,0,0
BRDA:92,10,1,0
BRDA:92,11,0,0
BRDA:92,11,1,0
BRDA:98,12,0,0
BRDA:98,12,1,0
BRDA:98,13,0,0
BRDA:98,13,1,0
BRDA:99,14,0,0
BRDA:99,14,1,0
BRDA:99,15,0,0
BRDA:99,15,1,0
BRDA:103,16,0,0
BRDA:103,17,0,0
BRDA:103,17,1,0
BRDA:113,18,0,0
BRDA:113,18,1,0
BRDA:113,19,0,0
BRDA:113,19,1,0
BRDA:115,20,0,0
BRDA:115,21,0,0
BRDA:115,21,1,0
BRDA:126,22,0,0
BRDA:126,22,1,0
BRDA:126,23,0,0
BRDA:126,23,1,0
BRDA:128,24,0,0
BRDA:137,25,0,0
BRDA:145,26,0,0
BRDA:145,26,1,0
BRDA:146,27,0,0
BRDA:146,27,1,0
BRDA:146,28,0,0
BRDA:146,28,1,0
BRDA:147,29,0,0
BRDA:147,29,1,0
BRDA:147,30,0,0
BRDA:147,30,1,0
BRDA:149,31,0,0
BRDA:149,31,1,0
BRDA:158,32,0,0
BRDA:170,33,0,0
BRDA:170,33,1,0
BRDA:170,34,0,0
BRDA:170,34,1,0
BRDA:171,35,0,0
BRDA:171,35,1,0
BRDA:171,36,0,0
BRDA:171,36,1,0
BRDA:183,37,0,0
BRDA:183,37,1,0
BRDA:183,38,0,0
BRDA:183,38,1,0
BRF:69
BRH:0
end_of_record
TN:
SF:src/components/core/textarea/index.ts
FN:1,(anonymous_1)
FN:2,(anonymous_2)
FNF:2
FNH:0
FNDA:0,(anonymous_1)
FNDA:0,(anonymous_2)
DA:1,6
DA:2,6
LF:2
LH:2
BRF:0
BRH:0
end_of_record
TN:
SF:src/components/core/textarea/textarea.tsx
FN:6,(anonymous_7)
FNF:1
FNH:0
FNDA:0,(anonymous_7)
DA:1,6
DA:2,6
DA:3,6
DA:5,6
DA:17,0
DA:19,0
DA:44,6
LF:7
LH:5
BRDA:21,0,0,0
BRDA:21,0,1,0
BRDA:24,1,0,0
BRDA:24,1,1,0
BRDA:27,2,0,0
BRDA:27,2,1,0
BRDA:36,3,0,0
BRDA:36,3,1,0
BRF:8
BRH:0
end_of_record
TN:
SF:src/components/core/textarea/use-textarea.ts
FN:16,useTextarea
FN:39,(anonymous_2)
FN:52,(anonymous_3)
FN:57,(anonymous_4)
FNF:4
FNH:0
FNDA:0,useTextarea
FNDA:0,(anonymous_2)
FNDA:0,(anonymous_3)
FNDA:0,(anonymous_4)
DA:1,6
DA:2,6
DA:29,0
DA:30,0
DA:32,0
DA:34,0
DA:35,0
DA:36,0
DA:38,0
DA:40,0
DA:52,0
DA:53,0
DA:56,0
DA:57,0
DA:68,0
DA:81,6
LF:16
LH:3
BRDA:34,0,0,0
BRDA:34,0,1,0
BRDA:35,1,0,0
BRDA:35,1,1,0
BRDA:36,2,0,0
BRDA:36,2,1,0
BRDA:36,2,2,0
BRDA:53,3,0,0
BRDA:53,3,1,0
BRDA:53,4,0,0
BRDA:53,4,1,0
BRDA:57,5,0,0
BRF:12
BRH:0
end_of_record
TN:
SF:src/components/core/vertical-navigation/index.ts
FN:2,(anonymous_1)
FN:4,(anonymous_2)
FN:5,(anonymous_3)
FN:7,(anonymous_4)
FN:8,(anonymous_5)
FNF:5
FNH:0
FNDA:0,(anonymous_1)
FNDA:0,(anonymous_2)
FNDA:0,(anonymous_3)
FNDA:0,(anonymous_4)
FNDA:0,(anonymous_5)
DA:2,6
DA:4,6
DA:5,6
DA:6,6
DA:7,6
DA:8,6
LF:6
LH:6
BRF:0
BRH:0
end_of_record
TN:
SF:src/components/core/vertical-navigation/use-vertical-navigation-item.ts
FN:13,useVerticalNavigationItem
FN:27,(anonymous_2)
FN:41,(anonymous_3)
FN:52,(anonymous_4)
FNF:4
FNH:0
FNDA:0,useVerticalNavigationItem
FNDA:0,(anonymous_2)
FNDA:0,(anonymous_3)
FNDA:0,(anonymous_4)
DA:1,6
DA:2,6
DA:22,0
DA:23,0
DA:25,0
DA:27,0
DA:28,0
DA:41,0
DA:42,0
DA:50,0
DA:52,0
DA:53,0
DA:59,0
DA:62,6
LF:14
LH:3
BRDA:25,0,0,0
BRDA:25,0,1,0
BRDA:32,1,0,0
BRDA:32,1,1,0
BRDA:35,2,0,0
BRDA:35,2,1,0
BRDA:45,3,0,0
BRDA:45,3,1,0
BRDA:52,4,0,0
BRF:9
BRH:0
end_of_record
TN:
SF:src/components/core/vertical-navigation/use-vertical-navigation.ts
FN:10,useVerticalNavigation
FN:15,(anonymous_2)
FN:19,(anonymous_3)
FNF:3
FNH:0
FNDA:0,useVerticalNavigation
FNDA:0,(anonymous_2)
FNDA:0,(anonymous_3)
DA:1,6
DA:2,6
DA:11,0
DA:13,0
DA:15,0
DA:16,0
DA:19,0
DA:20,0
DA:26,0
DA:29,6
LF:10
LH:3
BRDA:13,0,0,0
BRDA:13,0,1,0
BRDA:19,1,0,0
BRF:3
BRH:0
end_of_record
TN:
SF:src/components/core/vertical-navigation/vertical-navigation-item.tsx
FN:6,(anonymous_1)
FN:10,(anonymous_2)
FNF:2
FNH:0
FNDA:0,(anonymous_1)
FNDA:0,(anonymous_2)
DA:1,6
DA:2,6
DA:6,6
DA:7,0
DA:10,6
DA:14,0
DA:16,0
DA:27,6
LF:8
LH:5
BRDA:21,0,0,0
BRDA:21,0,1,0
BRF:2
BRH:0
end_of_record
TN:
SF:src/components/core/vertical-navigation/vertical-navigation.tsx
FN:6,(anonymous_1)
FNF:1
FNH:0
FNDA:0,(anonymous_1)
DA:1,6
DA:2,6
DA:6,6
DA:8,0
DA:10,0
DA:22,6
LF:6
LH:4
BRDA:12,0,0,0
BRDA:12,0,1,0
BRF:2
BRH:0
end_of_record
TN:
SF:src/context/dialog-context.tsx
FN:6,(anonymous_2)
FN:16,(anonymous_3)
FNF:2
FNH:2
FNDA:19,(anonymous_2)
FNDA:8,(anonymous_3)
DA:1,6
DA:4,6
DA:6,6
DA:7,19
DA:9,19
DA:10,8
DA:13,11
DA:16,6
DA:17,8
DA:18,7
LF:10
LH:10
BRDA:9,0,0,8
BRF:1
BRH:1
end_of_record
TN:
SF:src/context/drawer-context.tsx
FN:9,(anonymous_1)
FN:22,(anonymous_2)
FNF:2
FNH:0
FNDA:0,(anonymous_1)
FNDA:0,(anonymous_2)
DA:1,6
DA:2,6
DA:7,6
DA:9,6
DA:10,0
DA:12,0
DA:13,0
DA:16,0
DA:19,6
DA:22,6
DA:23,0
LF:11
LH:6
BRDA:12,0,0,0
BRF:1
BRH:0
end_of_record
TN:
SF:src/context/dropdown-context.tsx
FN:7,useDropdownContext
FN:19,(anonymous_3)
FNF:2
FNH:0
FNDA:0,useDropdownContext
FNDA:0,(anonymous_3)
DA:1,6
DA:2,6
DA:5,6
DA:7,6
DA:8,0
DA:10,0
DA:11,0
DA:16,0
DA:19,6
DA:20,0
DA:21,0
LF:11
LH:5
BRDA:10,0,0,0
BRF:1
BRH:0
end_of_record
TN:
SF:src/context/index.ts
FN:1,(anonymous_0)
FN:1,(anonymous_1)
FN:3,(anonymous_2)
FN:4,(anonymous_3)
FN:6,(anonymous_4)
FN:6,(anonymous_5)
FNF:6
FNH:2
FNDA:19,(anonymous_0)
FNDA:8,(anonymous_1)
FNDA:0,(anonymous_2)
FNDA:0,(anonymous_3)
FNDA:0,(anonymous_4)
FNDA:0,(anonymous_5)
DA:1,25
DA:2,6
DA:3,6
DA:4,6
DA:6,6
LF:5
LH:5
BRF:0
BRH:0
end_of_record
TN:
SF:src/hooks/index.ts
FN:1,(anonymous_1)
FNF:1
FNH:1
FNDA:8,(anonymous_1)
DA:1,14
LF:1
LH:1
BRF:0
BRH:0
end_of_record
TN:
SF:src/hooks/use-click-outside.ts
FN:3,useClickOutside
FN:7,(anonymous_1)
FN:8,(anonymous_2)
FN:15,(anonymous_3)
FNF:4
FNH:3
FNDA:8,useClickOutside
FNDA:7,(anonymous_1)
FNDA:0,(anonymous_2)
FNDA:7,(anonymous_3)
DA:1,6
DA:7,8
DA:8,7
DA:9,0
DA:10,0
DA:14,7
DA:15,7
DA:16,7
DA:21,6
LF:9
LH:7
BRDA:9,0,0,0
BRDA:9,1,0,0
BRDA:9,1,1,0
BRF:3
BRH:0
end_of_record
